#
# There is insufficient memory for the Java Runtime Environment to continue.
# Native memory allocation (malloc) failed to allocate 222298112 bytes for committing reserved memory.
# Possible reasons:
#   The system is out of physical RAM or swap space
#   In 32 bit mode, the process size limit was hit
# Possible solutions:
#   Reduce memory load on the system
#   Increase physical memory or swap space
#   Check if swap backing store is full
#   Use 64 bit Java on a 64 bit OS
#   Decrease Java heap size (-Xmx/-Xms)
#   Decrease number of Java threads
#   Decrease Java thread stack sizes (-Xss)
#   Set larger code cache with -XX:ReservedCodeCacheSize=
# This output file may be truncated or incomplete.
#
#  Out of Memory Error (os_linux.cpp:2798), pid=3162, tid=139951325808384
#
# JRE version: OpenJDK Runtime Environment (7.0_65-b32) (build 1.7.0_65-b32)
# Java VM: OpenJDK 64-Bit Server VM (24.65-b04 mixed mode linux-amd64 compressed oops)
# Failed to write core dump. Core dumps have been disabled. To enable core dumping, try "ulimit -c unlimited" before starting Java again
#

---------------  T H R E A D  ---------------

Current thread (0x00007f48fc13a800):  VMThread [stack: 0x00007f48f4ff8000,0x00007f48f50f9000] [id=3168]

Stack: [0x00007f48f4ff8000,0x00007f48f50f9000],  sp=0x00007f48f50f74e0,  free space=1021k
Native frames: (J=compiled Java code, j=interpreted, Vv=VM code, C=native code)
V  [libjvm.so+0x97b8c6]
V  [libjvm.so+0x48c2b2]
V  [libjvm.so+0x7ef57b]
V  [libjvm.so+0x7e9cfe]
V  [libjvm.so+0x85ba7b]
V  [libjvm.so+0x85c933]
V  [libjvm.so+0x85d04b]
V  [libjvm.so+0x858a59]
V  [libjvm.so+0x859238]
V  [libjvm.so+0x811103]
V  [libjvm.so+0x97d192]
V  [libjvm.so+0x981a07]
V  [libjvm.so+0x97fffb]
V  [libjvm.so+0x9806a6]
V  [libjvm.so+0x980b71]
V  [libjvm.so+0x7ec282]

VM_Operation (0x00007f48eec5df80): ParallelGCFailedAllocation, mode: safepoint, requested by thread 0x00007f48fd373800


---------------  P R O C E S S  ---------------

Java Threads: ( => current thread )
  0x00007f48bc012000 JavaThread "pool-2-thread-6" [_thread_blocked, id=3204, stack(0x00007f48ee960000,0x00007f48eea61000)]
  0x00007f48bc010000 JavaThread "pool-2-thread-5" [_thread_blocked, id=3203, stack(0x00007f48eea61000,0x00007f48eeb62000)]
  0x00007f48fd373800 JavaThread "pool-2-thread-4" [_thread_blocked, id=3202, stack(0x00007f48eeb62000,0x00007f48eec63000)]
  0x00007f48fd372000 JavaThread "pool-2-thread-3" [_thread_blocked, id=3201, stack(0x00007f48eee65000,0x00007f48eef66000)]
  0x00007f48fd36a800 JavaThread "pool-2-thread-2" [_thread_blocked, id=3200, stack(0x00007f48eec63000,0x00007f48eed64000)]
  0x00007f48fd369000 JavaThread "pool-2-thread-1" [_thread_blocked, id=3199, stack(0x00007f48eed64000,0x00007f48eee65000)]
  0x00007f48fc6af800 JavaThread "process reaper" daemon [_thread_blocked, id=3177, stack(0x00007f48eef95000,0x00007f48eefce000)]
  0x00007f48fc176000 JavaThread "Service Thread" daemon [_thread_blocked, id=3174, stack(0x00007f48f4869000,0x00007f48f496a000)]
  0x00007f48fc173800 JavaThread "C2 CompilerThread1" daemon [_thread_blocked, id=3173, stack(0x00007f48f496a000,0x00007f48f4a6b000)]
  0x00007f48fc170800 JavaThread "C2 CompilerThread0" daemon [_thread_blocked, id=3172, stack(0x00007f48f4a6b000,0x00007f48f4b6c000)]
  0x00007f48fc16e800 JavaThread "Signal Dispatcher" daemon [_thread_blocked, id=3171, stack(0x00007f48f4b6c000,0x00007f48f4c6d000)]
  0x00007f48fc141000 JavaThread "Finalizer" daemon [_thread_blocked, id=3170, stack(0x00007f48f4df6000,0x00007f48f4ef7000)]
  0x00007f48fc13f000 JavaThread "Reference Handler" daemon [_thread_blocked, id=3169, stack(0x00007f48f4ef7000,0x00007f48f4ff8000)]
  0x00007f48fc008800 JavaThread "main" [_thread_blocked, id=3163, stack(0x00007f4904697000,0x00007f4904798000)]

Other Threads:
=>0x00007f48fc13a800 VMThread [stack: 0x00007f48f4ff8000,0x00007f48f50f9000] [id=3168]
  0x00007f48fc178800 WatcherThread [stack: 0x00007f48f4768000,0x00007f48f4869000] [id=3175]

VM state:at safepoint (normal execution)

VM Mutex/Monitor currently owned by a thread:  ([mutex/lock_event])
[0x00007f48fc006140] Threads_lock - owner thread: 0x00007f48fc13a800
[0x00007f48fc006640] Heap_lock - owner thread: 0x00007f48fd373800

Heap
 PSYoungGen      total 285696K, used 21496K [0x00000000e0000000, 0x00000000f2c00000, 0x0000000100000000)
  eden space 264192K, 0% used [0x00000000e0000000,0x00000000e0000000,0x00000000f0200000)
  from space 21504K, 99% used [0x00000000f0200000,0x00000000f16fe2c8,0x00000000f1700000)
  to   space 21504K, 0% used [0x00000000f1700000,0x00000000f1700000,0x00000000f2c00000)
 ParOldGen       total 349696K, used 64431K [0x00000000a0000000, 0x00000000b5580000, 0x00000000e0000000)
  object space 349696K, 18% used [0x00000000a0000000,0x00000000a3eebc28,0x00000000b5580000)
 PSPermGen       total 51200K, used 50997K [0x0000000090000000, 0x0000000093200000, 0x00000000a0000000)
  object space 51200K, 99% used [0x0000000090000000,0x00000000931cd680,0x0000000093200000)

Card table byte_map: [0x00007f490157c000,0x00007f49018fd000] byte_map_base: 0x00007f49010fc000

Polling page: 0x00007f49047c3000

Code Cache  [0x00007f48f9000000, 0x00007f48f9450000, 0x00007f48fc000000)
 total_blobs=2134 nmethods=1760 adapters=324 free_code_cache=44841Kb largest_free_block=45817792

Compilation events (10 events):
Event: 18.733 Thread 0x00007f48fc173800 nmethod 1909 0x00007f48f9442e10 code [0x00007f48f9443160, 0x00007f48f9444870]
Event: 18.733 Thread 0x00007f48fc173800 1911             com.sun.org.apache.xerces.internal.impl.xs.XSAttributeDecl::setValues (46 bytes)
Event: 18.734 Thread 0x00007f48fc173800 nmethod 1911 0x00007f48f92adf50 code [0x00007f48f92ae080, 0x00007f48f92ae118]
Event: 18.734 Thread 0x00007f48fc173800 1912             com.sun.org.apache.xerces.internal.impl.xs.XSAttributeUseImpl::<init> (30 bytes)
Event: 18.734 Thread 0x00007f48fc173800 nmethod 1912 0x00007f48f92add50 code [0x00007f48f92ade80, 0x00007f48f92aded8]
Event: 18.734 Thread 0x00007f48fc173800 1913             com.sun.org.apache.xerces.internal.impl.xs.XSAttributeDecl::getAnnotations (18 bytes)
Event: 18.735 Thread 0x00007f48fc173800 nmethod 1913 0x00007f48f942b8d0 code [0x00007f48f942ba00, 0x00007f48f942ba78]
Event: 18.735 Thread 0x00007f48fc173800 1914             com.sun.org.apache.xerces.internal.impl.xs.XMLSchemaValidator$XSIErrorReporter::pushContext (78 bytes)
Event: 18.735 Thread 0x00007f48fc170800 nmethod 1910 0x00007f48f9449f10 code [0x00007f48f944a240, 0x00007f48f944c268]
Event: 18.739 Thread 0x00007f48fc173800 nmethod 1914 0x00007f48f9438a10 code [0x00007f48f9438b60, 0x00007f48f9439038]

GC Heap History (5 events):
Event: 5.237 GC heap before
{Heap before GC invocations=1 (full 0):
 PSYoungGen      total 153600K, used 132096K [0x00000000e0000000, 0x00000000eab00000, 0x0000000100000000)
  eden space 132096K, 100% used [0x00000000e0000000,0x00000000e8100000,0x00000000e8100000)
  from space 21504K, 0% used [0x00000000e9600000,0x00000000e9600000,0x00000000eab00000)
  to   space 21504K, 0% used [0x00000000e8100000,0x00000000e8100000,0x00000000e9600000)
 ParOldGen       total 349696K, used 0K [0x00000000a0000000, 0x00000000b5580000, 0x00000000e0000000)
  object space 349696K, 0% used [0x00000000a0000000,0x00000000a0000000,0x00000000b5580000)
 PSPermGen       total 26624K, used 26372K [0x0000000090000000, 0x0000000091a00000, 0x00000000a0000000)
  object space 26624K, 99% used [0x0000000090000000,0x00000000919c1298,0x0000000091a00000)
Event: 5.292 GC heap after
Heap after GC invocations=1 (full 0):
 PSYoungGen      total 153600K, used 21482K [0x00000000e0000000, 0x00000000f2c00000, 0x0000000100000000)
  eden space 132096K, 0% used [0x00000000e0000000,0x00000000e0000000,0x00000000e8100000)
  from space 21504K, 99% used [0x00000000e8100000,0x00000000e95fab20,0x00000000e9600000)
  to   space 21504K, 0% used [0x00000000f1700000,0x00000000f1700000,0x00000000f2c00000)
 ParOldGen       total 349696K, used 13972K [0x00000000a0000000, 0x00000000b5580000, 0x00000000e0000000)
  object space 349696K, 3% used [0x00000000a0000000,0x00000000a0da53b0,0x00000000b5580000)
 PSPermGen       total 26624K, used 26372K [0x0000000090000000, 0x0000000091a00000, 0x00000000a0000000)
  object space 26624K, 99% used [0x0000000090000000,0x00000000919c1298,0x0000000091a00000)
}
Event: 11.162 GC heap before
{Heap before GC invocations=2 (full 0):
 PSYoungGen      total 153600K, used 153578K [0x00000000e0000000, 0x00000000f2c00000, 0x0000000100000000)
  eden space 132096K, 100% used [0x00000000e0000000,0x00000000e8100000,0x00000000e8100000)
  from space 21504K, 99% used [0x00000000e8100000,0x00000000e95fab20,0x00000000e9600000)
  to   space 21504K, 0% used [0x00000000f1700000,0x00000000f1700000,0x00000000f2c00000)
 ParOldGen       total 349696K, used 13972K [0x00000000a0000000, 0x00000000b5580000, 0x00000000e0000000)
  object space 349696K, 3% used [0x00000000a0000000,0x00000000a0da53b0,0x00000000b5580000)
 PSPermGen       total 39936K, used 39815K [0x0000000090000000, 0x0000000092700000, 0x00000000a0000000)
  object space 39936K, 99% used [0x0000000090000000,0x00000000926e1db8,0x0000000092700000)
Event: 11.227 GC heap after
Heap after GC invocations=2 (full 0):
 PSYoungGen      total 285696K, used 21499K [0x00000000e0000000, 0x00000000f2c00000, 0x0000000100000000)
  eden space 264192K, 0% used [0x00000000e0000000,0x00000000e0000000,0x00000000f0200000)
  from space 21504K, 99% used [0x00000000f1700000,0x00000000f2bfecc0,0x00000000f2c00000)
  to   space 21504K, 0% used [0x00000000f0200000,0x00000000f0200000,0x00000000f1700000)
 ParOldGen       total 349696K, used 48044K [0x00000000a0000000, 0x00000000b5580000, 0x00000000e0000000)
  object space 349696K, 13% used [0x00000000a0000000,0x00000000a2eeb2b0,0x00000000b5580000)
 PSPermGen       total 39936K, used 39815K [0x0000000090000000, 0x0000000092700000, 0x00000000a0000000)
  object space 39936K, 99% used [0x0000000090000000,0x00000000926e1db8,0x0000000092700000)
}
Event: 18.877 GC heap before
{Heap before GC invocations=3 (full 0):
 PSYoungGen      total 285696K, used 285691K [0x00000000e0000000, 0x00000000f2c00000, 0x0000000100000000)
  eden space 264192K, 100% used [0x00000000e0000000,0x00000000f0200000,0x00000000f0200000)
  from space 21504K, 99% used [0x00000000f1700000,0x00000000f2bfecc0,0x00000000f2c00000)
  to   space 21504K, 0% used [0x00000000f0200000,0x00000000f0200000,0x00000000f1700000)
 ParOldGen       total 349696K, used 48044K [0x00000000a0000000, 0x00000000b5580000, 0x00000000e0000000)
  object space 349696K, 13% used [0x00000000a0000000,0x00000000a2eeb2b0,0x00000000b5580000)
 PSPermGen       total 51200K, used 50997K [0x0000000090000000, 0x0000000093200000, 0x00000000a0000000)
  object space 51200K, 99% used [0x0000000090000000,0x00000000931cd680,0x0000000093200000)

Deoptimization events (10 events):
Event: 16.875 Thread 0x00007f48fd373800 Uncommon trap: reason=class_check action=maybe_recompile pc=0x00007f48f93c8fbc method=java.util.HashMap.removeEntryForKey(Ljava/lang/Object;)Ljava/util/HashMap$Entry; @ 85
Event: 16.876 Thread 0x00007f48fd373800 Uncommon trap: reason=class_check action=maybe_recompile pc=0x00007f48f93c8fbc method=java.util.HashMap.removeEntryForKey(Ljava/lang/Object;)Ljava/util/HashMap$Entry; @ 85
Event: 16.895 Thread 0x00007f48fd373800 Uncommon trap: reason=class_check action=maybe_recompile pc=0x00007f48f93c8fbc method=java.util.HashMap.removeEntryForKey(Ljava/lang/Object;)Ljava/util/HashMap$Entry; @ 85
Event: 17.693 Thread 0x00007f48fd373800 Uncommon trap: reason=predicate action=maybe_recompile pc=0x00007f48f93fe570 method=java.util.Arrays.fill([Ljava/lang/Object;Ljava/lang/Object;)V @ 10
Event: 18.337 Thread 0x00007f48fd373800 Uncommon trap: reason=array_check action=maybe_recompile pc=0x00007f48f93ffe38 method=java.util.Arrays.fill([Ljava/lang/Object;Ljava/lang/Object;)V @ 13
Event: 18.337 Thread 0x00007f48fd373800 Uncommon trap: reason=array_check action=maybe_recompile pc=0x00007f48f93ffe38 method=java.util.Arrays.fill([Ljava/lang/Object;Ljava/lang/Object;)V @ 13
Event: 18.337 Thread 0x00007f48fd373800 Uncommon trap: reason=array_check action=maybe_recompile pc=0x00007f48f93ffe38 method=java.util.Arrays.fill([Ljava/lang/Object;Ljava/lang/Object;)V @ 13
Event: 18.337 Thread 0x00007f48fd373800 Uncommon trap: reason=array_check action=maybe_recompile pc=0x00007f48f93ffe38 method=java.util.Arrays.fill([Ljava/lang/Object;Ljava/lang/Object;)V @ 13
Event: 18.455 Thread 0x00007f48fd373800 Uncommon trap: reason=class_check action=maybe_recompile pc=0x00007f48f942fbc0 method=java.util.AbstractSet.removeAll(Ljava/util/Collection;)Z @ 3
Event: 18.459 Thread 0x00007f48fd373800 Uncommon trap: reason=class_check action=maybe_recompile pc=0x00007f48f942fbc0 method=java.util.AbstractSet.removeAll(Ljava/util/Collection;)Z @ 3

Internal exceptions (10 events):
Event: 14.759 Thread 0x00007f48fd373800 Threw 0x00000000e74aaba8 at /build/java7-openjdk/src/icedtea-2.5.1/openjdk/hotspot/src/share/vm/prims/jvm.cpp:1247
Event: 14.760 Thread 0x00007f48fd373800 Threw 0x00000000e74b0390 at /build/java7-openjdk/src/icedtea-2.5.1/openjdk/hotspot/src/share/vm/prims/jvm.cpp:1247
Event: 14.760 Thread 0x00007f48fd373800 Threw 0x00000000e74b0ce8 at /build/java7-openjdk/src/icedtea-2.5.1/openjdk/hotspot/src/share/vm/prims/jvm.cpp:1247
Event: 14.760 Thread 0x00007f48fd373800 Threw 0x00000000e74b2028 at /build/java7-openjdk/src/icedtea-2.5.1/openjdk/hotspot/src/share/vm/prims/jvm.cpp:1247
Event: 14.983 Thread 0x00007f48fd373800 Threw 0x00000000e7c11df8 at /build/java7-openjdk/src/icedtea-2.5.1/openjdk/hotspot/src/share/vm/prims/jvm.cpp:1247
Event: 14.984 Thread 0x00007f48fd373800 Threw 0x00000000e7c19588 at /build/java7-openjdk/src/icedtea-2.5.1/openjdk/hotspot/src/share/vm/prims/jvm.cpp:1247
Event: 14.997 Thread 0x00007f48fd373800 Threw 0x00000000e7c66440 at /build/java7-openjdk/src/icedtea-2.5.1/openjdk/hotspot/src/share/vm/prims/jvm.cpp:1247
Event: 14.998 Thread 0x00007f48fd373800 Threw 0x00000000e7c72310 at /build/java7-openjdk/src/icedtea-2.5.1/openjdk/hotspot/src/share/vm/prims/jvm.cpp:1247
Event: 15.069 Thread 0x00007f48fd373800 Threw 0x00000000e7e6fb58 at /build/java7-openjdk/src/icedtea-2.5.1/openjdk/hotspot/src/share/vm/prims/jvm.cpp:1247
Event: 16.290 Thread 0x00007f48fd373800 Threw 0x00000000eacfb438 at /build/java7-openjdk/src/icedtea-2.5.1/openjdk/hotspot/src/share/vm/prims/jvm.cpp:1247

Events (10 events):
Event: 18.368 Thread 0x00007f48fc173800 flushing nmethod 0x00007f48f90b6010
Event: 18.446 Thread 0x00007f48fc170800 flushing nmethod 0x00007f48f926a490
Event: 18.447 Thread 0x00007f48fc170800 flushing nmethod 0x00007f48f92adb90
Event: 18.455 Thread 0x00007f48fd373800 Uncommon trap: trap_request=0xffffffde fr.pc=0x00007f48f942fbc0
Event: 18.455 Thread 0x00007f48fd373800 DEOPT PACKING pc=0x00007f48f942fbc0 sp=0x00007f48eec5f030
Event: 18.455 Thread 0x00007f48fd373800 DEOPT UNPACKING pc=0x00007f48f9039445 sp=0x00007f48eec5f038 mode 2
Event: 18.459 Thread 0x00007f48fd373800 Uncommon trap: trap_request=0xffffffde fr.pc=0x00007f48f942fbc0
Event: 18.459 Thread 0x00007f48fd373800 DEOPT PACKING pc=0x00007f48f942fbc0 sp=0x00007f48eec5f190
Event: 18.459 Thread 0x00007f48fd373800 DEOPT UNPACKING pc=0x00007f48f9039445 sp=0x00007f48eec5f198 mode 2
Event: 18.877 Executing VM operation: ParallelGCFailedAllocation


Dynamic libraries:
00400000-00401000 r-xp 00000000 08:01 1319338                            /usr/lib/jvm/java-7-openjdk/jre/bin/java
00600000-00601000 rw-p 00000000 08:01 1319338                            /usr/lib/jvm/java-7-openjdk/jre/bin/java
01d1a000-01d3b000 rw-p 00000000 00:00 0                                  [heap]
90000000-93200000 rw-p 00000000 00:00 0 
93200000-a0000000 rw-p 00000000 00:00 0 
a0000000-b5580000 rw-p 00000000 00:00 0 
b5580000-e0000000 rw-p 00000000 00:00 0 
e0000000-f2c00000 rw-p 00000000 00:00 0 
7f48a0000000-7f48a0021000 rw-p 00000000 00:00 0 
7f48a0021000-7f48a4000000 ---p 00000000 00:00 0 
7f48a8000000-7f48a84f2000 rw-p 00000000 00:00 0 
7f48a84f2000-7f48ac000000 ---p 00000000 00:00 0 
7f48ac000000-7f48ac021000 rw-p 00000000 00:00 0 
7f48ac021000-7f48b0000000 ---p 00000000 00:00 0 
7f48b0000000-7f48b0021000 rw-p 00000000 00:00 0 
7f48b0021000-7f48b4000000 ---p 00000000 00:00 0 
7f48b4000000-7f48b4021000 rw-p 00000000 00:00 0 
7f48b4021000-7f48b8000000 ---p 00000000 00:00 0 
7f48b8000000-7f48b8021000 rw-p 00000000 00:00 0 
7f48b8021000-7f48bc000000 ---p 00000000 00:00 0 
7f48bc000000-7f48bc021000 rw-p 00000000 00:00 0 
7f48bc021000-7f48c0000000 ---p 00000000 00:00 0 
7f48c0000000-7f48c0021000 rw-p 00000000 00:00 0 
7f48c0021000-7f48c4000000 ---p 00000000 00:00 0 
7f48c4000000-7f48c4021000 rw-p 00000000 00:00 0 
7f48c4021000-7f48c8000000 ---p 00000000 00:00 0 
7f48c8000000-7f48c8ff2000 rw-p 00000000 00:00 0 
7f48c8ff2000-7f48cc000000 ---p 00000000 00:00 0 
7f48cc000000-7f48ccf44000 rw-p 00000000 00:00 0 
7f48ccf44000-7f48d0000000 ---p 00000000 00:00 0 
7f48d0000000-7f48d0021000 rw-p 00000000 00:00 0 
7f48d0021000-7f48d4000000 ---p 00000000 00:00 0 
7f48d4000000-7f48d4021000 rw-p 00000000 00:00 0 
7f48d4021000-7f48d8000000 ---p 00000000 00:00 0 
7f48d8000000-7f48d8021000 rw-p 00000000 00:00 0 
7f48d8021000-7f48dc000000 ---p 00000000 00:00 0 
7f48dc000000-7f48dc021000 rw-p 00000000 00:00 0 
7f48dc021000-7f48e0000000 ---p 00000000 00:00 0 
7f48e0000000-7f48e0021000 rw-p 00000000 00:00 0 
7f48e0021000-7f48e4000000 ---p 00000000 00:00 0 
7f48e4000000-7f48e4021000 rw-p 00000000 00:00 0 
7f48e4021000-7f48e8000000 ---p 00000000 00:00 0 
7f48e8000000-7f48e8021000 rw-p 00000000 00:00 0 
7f48e8021000-7f48ec000000 ---p 00000000 00:00 0 
7f48ee6cf000-7f48ee72c000 r-xp 00000000 08:01 1191789                    /usr/lib/libnss_myhostname.so.2
7f48ee72c000-7f48ee72d000 ---p 0005d000 08:01 1191789                    /usr/lib/libnss_myhostname.so.2
7f48ee72d000-7f48ee731000 r--p 0005d000 08:01 1191789                    /usr/lib/libnss_myhostname.so.2
7f48ee731000-7f48ee732000 rw-p 00061000 08:01 1191789                    /usr/lib/libnss_myhostname.so.2
7f48ee732000-7f48ee737000 r-xp 00000000 08:01 1182997                    /usr/lib/libnss_dns-2.19.so
7f48ee737000-7f48ee936000 ---p 00005000 08:01 1182997                    /usr/lib/libnss_dns-2.19.so
7f48ee936000-7f48ee937000 r--p 00004000 08:01 1182997                    /usr/lib/libnss_dns-2.19.so
7f48ee937000-7f48ee938000 rw-p 00005000 08:01 1182997                    /usr/lib/libnss_dns-2.19.so
7f48ee95f000-7f48ee960000 rw-p 00000000 00:00 0 
7f48ee960000-7f48ee963000 ---p 00000000 00:00 0 
7f48ee963000-7f48eea61000 rw-p 00000000 00:00 0                          [stack:3204]
7f48eea61000-7f48eea64000 ---p 00000000 00:00 0 
7f48eea64000-7f48eeb62000 rw-p 00000000 00:00 0                          [stack:3203]
7f48eeb62000-7f48eeb65000 ---p 00000000 00:00 0 
7f48eeb65000-7f48eec63000 rw-p 00000000 00:00 0                          [stack:3202]
7f48eec63000-7f48eec66000 ---p 00000000 00:00 0 
7f48eec66000-7f48eed64000 rw-p 00000000 00:00 0                          [stack:3200]
7f48eed64000-7f48eed67000 ---p 00000000 00:00 0 
7f48eed67000-7f48eee65000 rw-p 00000000 00:00 0                          [stack:3199]
7f48eee65000-7f48eee68000 ---p 00000000 00:00 0 
7f48eee68000-7f48eef66000 rw-p 00000000 00:00 0                          [stack:3201]
7f48eef66000-7f48eef68000 r--s 00012000 08:01 1447812                    /usr/lib/jvm/java-7-openjdk/jre/lib/ext/zipfs.jar
7f48eef68000-7f48eef6c000 r--s 00085000 08:01 1447810                    /usr/lib/jvm/java-7-openjdk/jre/lib/ext/localedata.jar
7f48eef6c000-7f48eef6f000 r--s 0003c000 08:01 1447808                    /usr/lib/jvm/java-7-openjdk/jre/lib/ext/sunpkcs11.jar
7f48eef6f000-7f48eef72000 r--s 00032000 08:01 1447811                    /usr/lib/jvm/java-7-openjdk/jre/lib/ext/sunjce_provider.jar
7f48eef72000-7f48eef7f000 r--s 0010f000 08:01 1319287                    /usr/lib/jvm/java-7-openjdk/jre/lib/rhino.jar
7f48eef7f000-7f48eef89000 r--s 00203000 08:01 1319283                    /usr/lib/jvm/java-7-openjdk/jre/lib/charsets.jar
7f48eef89000-7f48eef8c000 r--s 00017000 08:01 1319282                    /usr/lib/jvm/java-7-openjdk/jre/lib/jce.jar
7f48eef8c000-7f48eef95000 r--s 000b9000 08:01 1319285                    /usr/lib/jvm/java-7-openjdk/jre/lib/resources.jar
7f48eef95000-7f48eef98000 ---p 00000000 00:00 0 
7f48eef98000-7f48eefce000 rw-p 00000000 00:00 0                          [stack:3177]
7f48eefce000-7f48eefe3000 r--s 00116000 08:02 11294478                   /home/kuba/.sbt/boot/scala-2.10.4/org.scala-sbt/sbt/0.13.5/ivy-2.3.0.jar
7f48eefe3000-7f48ef00a000 r--s 00200000 08:02 11294437                   /home/kuba/.sbt/boot/scala-2.10.4/org.scala-sbt/sbt/0.13.5/main-0.13.5.jar
7f48ef00a000-7f48ef01a000 r-xp 00000000 08:01 1319309                    /usr/lib/jvm/java-7-openjdk/jre/lib/amd64/libnio.so
7f48ef01a000-7f48ef21a000 ---p 00010000 08:01 1319309                    /usr/lib/jvm/java-7-openjdk/jre/lib/amd64/libnio.so
7f48ef21a000-7f48ef21b000 rw-p 00010000 08:01 1319309                    /usr/lib/jvm/java-7-openjdk/jre/lib/amd64/libnio.so
7f48ef21b000-7f48ef22f000 r-xp 00000000 08:01 1182919                    /usr/lib/libresolv-2.19.so
7f48ef22f000-7f48ef42e000 ---p 00014000 08:01 1182919                    /usr/lib/libresolv-2.19.so
7f48ef42e000-7f48ef42f000 r--p 00013000 08:01 1182919                    /usr/lib/libresolv-2.19.so
7f48ef42f000-7f48ef430000 rw-p 00014000 08:01 1182919                    /usr/lib/libresolv-2.19.so
7f48ef430000-7f48ef432000 rw-p 00000000 00:00 0 
7f48ef432000-7f48ef49b000 r-xp 00000000 08:01 1190526                    /usr/lib/libpcre.so.1.2.3
7f48ef49b000-7f48ef69a000 ---p 00069000 08:01 1190526                    /usr/lib/libpcre.so.1.2.3
7f48ef69a000-7f48ef69b000 r--p 00068000 08:01 1190526                    /usr/lib/libpcre.so.1.2.3
7f48ef69b000-7f48ef69c000 rw-p 00069000 08:01 1190526                    /usr/lib/libpcre.so.1.2.3
7f48ef69c000-7f48ef69f000 r-xp 00000000 08:01 1190756                    /usr/lib/libgmodule-2.0.so.0.4000.0
7f48ef69f000-7f48ef89e000 ---p 00003000 08:01 1190756                    /usr/lib/libgmodule-2.0.so.0.4000.0
7f48ef89e000-7f48ef89f000 r--p 00002000 08:01 1190756                    /usr/lib/libgmodule-2.0.so.0.4000.0
7f48ef89f000-7f48ef8a0000 rw-p 00003000 08:01 1190756                    /usr/lib/libgmodule-2.0.so.0.4000.0
7f48ef8a0000-7f48ef8a7000 r-xp 00000000 08:01 1190655                    /usr/lib/libffi.so.6.0.2
7f48ef8a7000-7f48efaa6000 ---p 00007000 08:01 1190655                    /usr/lib/libffi.so.6.0.2
7f48efaa6000-7f48efaa7000 r--p 00006000 08:01 1190655                    /usr/lib/libffi.so.6.0.2
7f48efaa7000-7f48efaa8000 rw-p 00007000 08:01 1190655                    /usr/lib/libffi.so.6.0.2
7f48efaa8000-7f48efbad000 r-xp 00000000 08:01 1190755                    /usr/lib/libglib-2.0.so.0.4000.0
7f48efbad000-7f48efdad000 ---p 00105000 08:01 1190755                    /usr/lib/libglib-2.0.so.0.4000.0
7f48efdad000-7f48efdae000 r--p 00105000 08:01 1190755                    /usr/lib/libglib-2.0.so.0.4000.0
7f48efdae000-7f48efdaf000 rw-p 00106000 08:01 1190755                    /usr/lib/libglib-2.0.so.0.4000.0
7f48efdaf000-7f48efdb0000 rw-p 00000000 00:00 0 
7f48efdb0000-7f48efdfe000 r-xp 00000000 08:01 1190758                    /usr/lib/libgobject-2.0.so.0.4000.0
7f48efdfe000-7f48efffe000 ---p 0004e000 08:01 1190758                    /usr/lib/libgobject-2.0.so.0.4000.0
7f48efffe000-7f48effff000 r--p 0004e000 08:01 1190758                    /usr/lib/libgobject-2.0.so.0.4000.0
7f48effff000-7f48f0000000 rw-p 0004f000 08:01 1190758                    /usr/lib/libgobject-2.0.so.0.4000.0
7f48f0000000-7f48f0021000 rw-p 00000000 00:00 0 
7f48f0021000-7f48f4000000 ---p 00000000 00:00 0 
7f48f4000000-7f48f4001000 r--s 00002000 08:01 1447809                    /usr/lib/jvm/java-7-openjdk/jre/lib/ext/dnsns.jar
7f48f4001000-7f48f4006000 r--s 0004c000 08:01 1319286                    /usr/lib/jvm/java-7-openjdk/jre/lib/jsse.jar
7f48f4006000-7f48f4007000 r--p 00000000 08:01 1182885                    /usr/share/locale/en_GB/LC_MESSAGES/libc.mo
7f48f4007000-7f48f4009000 r--s 0000b000 08:02 11294451                   /home/kuba/.sbt/boot/scala-2.10.4/org.scala-sbt/sbt/0.13.5/xsbti/interface-0.13.5.jar
7f48f4009000-7f48f400c000 r--s 00013000 08:02 11294461                   /home/kuba/.sbt/boot/scala-2.10.4/org.scala-sbt/sbt/0.13.5/classpath-0.13.5.jar
7f48f400c000-7f48f4010000 r--s 0001b000 08:02 11294459                   /home/kuba/.sbt/boot/scala-2.10.4/org.scala-sbt/sbt/0.13.5/process-0.13.5.jar
7f48f4010000-7f48f4012000 r--s 00002000 08:02 11294475                   /home/kuba/.sbt/boot/scala-2.10.4/org.scala-sbt/sbt/0.13.5/control-0.13.5.jar
7f48f4012000-7f48f4015000 r--s 00017000 08:02 11294477                   /home/kuba/.sbt/boot/scala-2.10.4/org.scala-sbt/sbt/0.13.5/testing-0.13.5.jar
7f48f4015000-7f48f401d000 r--s 00057000 08:02 11294466                   /home/kuba/.sbt/boot/scala-2.10.4/org.scala-sbt/sbt/0.13.5/completion-0.13.5.jar
7f48f401d000-7f48f4020000 r--s 00030000 08:02 11294446                   /home/kuba/.sbt/boot/scala-2.10.4/org.scala-sbt/sbt/0.13.5/jline-2.11.jar
7f48f4020000-7f48f4024000 r--s 00022000 08:02 11294464                   /home/kuba/.sbt/boot/scala-2.10.4/org.scala-sbt/sbt/0.13.5/sbinary_2.10-0.4.2.jar
7f48f4024000-7f48f4027000 r--s 00019000 08:02 11294438                   /home/kuba/.sbt/boot/scala-2.10.4/org.scala-sbt/sbt/0.13.5/compile-0.13.5.jar
7f48f4027000-7f48f402a000 r--s 0001a000 08:02 11294442                   /home/kuba/.sbt/boot/scala-2.10.4/org.scala-sbt/sbt/0.13.5/cache-0.13.5.jar
7f48f402a000-7f48f402c000 r--s 0000e000 08:02 11294460                   /home/kuba/.sbt/boot/scala-2.10.4/org.scala-sbt/sbt/0.13.5/logic-0.13.5.jar
7f48f402c000-7f48f402e000 r--s 00001000 08:02 11294472                   /home/kuba/.sbt/boot/scala-2.10.4/org.scala-sbt/sbt/0.13.5/cross-0.13.5.jar
7f48f402e000-7f48f4039000 r--s 000a3000 08:02 11294479                   /home/kuba/.sbt/boot/scala-2.10.4/org.scala-sbt/sbt/0.13.5/ivy-0.13.5.jar
7f48f4039000-7f48f4041000 r--s 0005e000 08:02 11294454                   /home/kuba/.sbt/boot/scala-2.10.4/org.scala-sbt/sbt/0.13.5/incremental-compiler-0.13.5.jar
7f48f4041000-7f48f4044000 r--s 0001e000 08:02 11294440                   /home/kuba/.sbt/boot/scala-2.10.4/org.scala-sbt/sbt/0.13.5/run-0.13.5.jar
7f48f4044000-7f48f4046000 r--s 00001000 08:02 11294439                   /home/kuba/.sbt/boot/scala-2.10.4/org.scala-sbt/sbt/0.13.5/launcher-interface-0.13.5.jar
7f48f4046000-7f48f404f000 r--s 00064000 08:02 11294476                   /home/kuba/.sbt/boot/scala-2.10.4/org.scala-sbt/sbt/0.13.5/actions-0.13.5.jar
7f48f404f000-7f48f4053000 r--s 00034000 08:02 11294449                   /home/kuba/.sbt/boot/scala-2.10.4/org.scala-sbt/sbt/0.13.5/jsch-0.1.46.jar
7f48f4053000-7f48f405d000 r--s 00090000 08:02 11294463                   /home/kuba/.sbt/boot/scala-2.10.4/org.scala-sbt/sbt/0.13.5/main-settings-0.13.5.jar
7f48f405d000-7f48f4062000 r--s 00036000 08:02 11294485                   /home/kuba/.sbt/boot/scala-2.10.4/org.scala-sbt/sbt/0.13.5/command-0.13.5.jar
7f48f4062000-7f48f4068000 r--s 0003d000 08:02 11294436                   /home/kuba/.sbt/boot/scala-2.10.4/org.scala-sbt/sbt/0.13.5/io-0.13.5.jar
7f48f4068000-7f48f406b000 r--s 00012000 08:02 11294467                   /home/kuba/.sbt/boot/scala-2.10.4/org.scala-sbt/sbt/0.13.5/classfile-0.13.5.jar
7f48f406b000-7f48f4072000 r--s 00049000 08:02 11294443                   /home/kuba/.sbt/boot/scala-2.10.4/org.scala-sbt/sbt/0.13.5/api-0.13.5.jar
7f48f4072000-7f48f4075000 r--s 0001d000 08:02 11294457                   /home/kuba/.sbt/boot/scala-2.10.4/org.scala-sbt/sbt/0.13.5/task-system-0.13.5.jar
7f48f4075000-7f48f4077000 r--s 00006000 08:02 11294483                   /home/kuba/.sbt/boot/scala-2.10.4/org.scala-sbt/sbt/0.13.5/relation-0.13.5.jar
7f48f4077000-7f48f40ad000 r--s 002d9000 08:02 11294453                   /home/kuba/.sbt/boot/scala-2.10.4/org.scala-sbt/sbt/0.13.5/scala-reflect-2.10.4.jar
7f48f40ad000-7f48f40e3000 r--s 002d9000 08:02 11294504                   /home/kuba/.sbt/boot/scala-2.10.4/lib/scala-reflect.jar
7f48f40e3000-7f48f41e0000 r--s 00cca000 08:02 11294502                   /home/kuba/.sbt/boot/scala-2.10.4/lib/scala-compiler.jar
7f48f41e0000-7f48f4349000 r-xp 00000000 08:01 1190759                    /usr/lib/libgio-2.0.so.0.4000.0
7f48f4349000-7f48f4549000 ---p 00169000 08:01 1190759                    /usr/lib/libgio-2.0.so.0.4000.0
7f48f4549000-7f48f454d000 r--p 00169000 08:01 1190759                    /usr/lib/libgio-2.0.so.0.4000.0
7f48f454d000-7f48f454f000 rw-p 0016d000 08:01 1190759                    /usr/lib/libgio-2.0.so.0.4000.0
7f48f454f000-7f48f4551000 rw-p 00000000 00:00 0 
7f48f4551000-7f48f4567000 r-xp 00000000 08:01 1319308                    /usr/lib/jvm/java-7-openjdk/jre/lib/amd64/libnet.so
7f48f4567000-7f48f4767000 ---p 00016000 08:01 1319308                    /usr/lib/jvm/java-7-openjdk/jre/lib/amd64/libnet.so
7f48f4767000-7f48f4768000 rw-p 00016000 08:01 1319308                    /usr/lib/jvm/java-7-openjdk/jre/lib/amd64/libnet.so
7f48f4768000-7f48f4769000 ---p 00000000 00:00 0 
7f48f4769000-7f48f4869000 rw-p 00000000 00:00 0                          [stack:3175]
7f48f4869000-7f48f486c000 ---p 00000000 00:00 0 
7f48f486c000-7f48f496a000 rw-p 00000000 00:00 0                          [stack:3174]
7f48f496a000-7f48f496d000 ---p 00000000 00:00 0 
7f48f496d000-7f48f4a6b000 rw-p 00000000 00:00 0                          [stack:3173]
7f48f4a6b000-7f48f4a6e000 ---p 00000000 00:00 0 
7f48f4a6e000-7f48f4b6c000 rw-p 00000000 00:00 0                          [stack:3172]
7f48f4b6c000-7f48f4b6f000 ---p 00000000 00:00 0 
7f48f4b6f000-7f48f4c6d000 rw-p 00000000 00:00 0                          [stack:3171]
7f48f4c6d000-7f48f4df6000 r--p 00000000 08:01 1218280                    /usr/lib/locale/locale-archive
7f48f4df6000-7f48f4df9000 ---p 00000000 00:00 0 
7f48f4df9000-7f48f4ef7000 rw-p 00000000 00:00 0                          [stack:3170]
7f48f4ef7000-7f48f4efa000 ---p 00000000 00:00 0 
7f48f4efa000-7f48f4ff8000 rw-p 00000000 00:00 0                          [stack:3169]
7f48f4ff8000-7f48f4ff9000 ---p 00000000 00:00 0 
7f48f4ff9000-7f48f9000000 rw-p 00000000 00:00 0                          [stack:3168]
7f48f9000000-7f48f9450000 rwxp 00000000 00:00 0 
7f48f9450000-7f48fd37d000 rw-p 00000000 00:00 0 
7f48fd37d000-7f4900000000 ---p 00000000 00:00 0 
7f4900000000-7f4900001000 r--s 00005000 08:02 11294444                   /home/kuba/.sbt/boot/scala-2.10.4/org.scala-sbt/sbt/0.13.5/sbt-0.13.5.jar
7f4900001000-7f4900004000 r--s 0001d000 08:02 11294484                   /home/kuba/.sbt/boot/scala-2.10.4/org.scala-sbt/sbt/0.13.5/tasks-0.13.5.jar
7f4900004000-7f4900008000 r--s 00024000 08:02 11294445                   /home/kuba/.sbt/boot/scala-2.10.4/org.scala-sbt/sbt/0.13.5/persist-0.13.5.jar
7f4900008000-7f4900010000 r--s 0005c000 08:02 11294447                   /home/kuba/.sbt/boot/scala-2.10.4/org.scala-sbt/sbt/0.13.5/collections-0.13.5.jar
7f4900010000-7f4900082000 r--s 0065a000 08:02 11294506                   /home/kuba/.sbt/boot/scala-2.10.4/lib/scala-library.jar
7f4900082000-7f49008d3000 rw-p 00000000 00:00 0 
7f49008d3000-7f4900a84000 r--s 01d21000 08:01 1319284                    /usr/lib/jvm/java-7-openjdk/jre/lib/rt.jar
7f4900a84000-7f4900ef8000 rw-p 00000000 00:00 0 
7f4900ef8000-7f4900ef9000 ---p 00000000 00:00 0 
7f4900ef9000-7f4900ff9000 rw-p 00000000 00:00 0                          [stack:3167]
7f4900ff9000-7f4900ffa000 ---p 00000000 00:00 0 
7f4900ffa000-7f49010fa000 rw-p 00000000 00:00 0                          [stack:3166]
7f49010fa000-7f49010fb000 ---p 00000000 00:00 0 
7f49010fb000-7f49011fb000 rw-p 00000000 00:00 0                          [stack:3165]
7f49011fb000-7f49011fc000 ---p 00000000 00:00 0 
7f49011fc000-7f4901315000 rw-p 00000000 00:00 0                          [stack:3164]
7f4901315000-7f490137c000 rw-p 00000000 00:00 0 
7f490137c000-7f4901427000 rw-p 00000000 00:00 0 
7f4901427000-7f490157c000 rw-p 00000000 00:00 0 
7f490157c000-7f4901595000 rw-p 00000000 00:00 0 
7f4901595000-7f49015fc000 rw-p 00000000 00:00 0 
7f49015fc000-7f49016a7000 rw-p 00000000 00:00 0 
7f49016a7000-7f49017fc000 rw-p 00000000 00:00 0 
7f49017fc000-7f4901892000 rw-p 00000000 00:00 0 
7f4901892000-7f49018fc000 rw-p 00000000 00:00 0 
7f49018fc000-7f49018fd000 rw-p 00000000 00:00 0 
7f49018fd000-7f4901905000 r-xp 00000000 08:01 1319307                    /usr/lib/jvm/java-7-openjdk/jre/lib/amd64/libzip.so
7f4901905000-7f4901b04000 ---p 00008000 08:01 1319307                    /usr/lib/jvm/java-7-openjdk/jre/lib/amd64/libzip.so
7f4901b04000-7f4901b05000 rw-p 00007000 08:01 1319307                    /usr/lib/jvm/java-7-openjdk/jre/lib/amd64/libzip.so
7f4901b05000-7f4901b10000 r-xp 00000000 08:01 1182953                    /usr/lib/libnss_files-2.19.so
7f4901b10000-7f4901d0f000 ---p 0000b000 08:01 1182953                    /usr/lib/libnss_files-2.19.so
7f4901d0f000-7f4901d10000 r--p 0000a000 08:01 1182953                    /usr/lib/libnss_files-2.19.so
7f4901d10000-7f4901d11000 rw-p 0000b000 08:01 1182953                    /usr/lib/libnss_files-2.19.so
7f4901d11000-7f4901d3d000 r-xp 00000000 08:01 1319306                    /usr/lib/jvm/java-7-openjdk/jre/lib/amd64/libjava.so
7f4901d3d000-7f4901f3c000 ---p 0002c000 08:01 1319306                    /usr/lib/jvm/java-7-openjdk/jre/lib/amd64/libjava.so
7f4901f3c000-7f4901f3e000 rw-p 0002b000 08:01 1319306                    /usr/lib/jvm/java-7-openjdk/jre/lib/amd64/libjava.so
7f4901f3e000-7f4901f4b000 r-xp 00000000 08:01 1319305                    /usr/lib/jvm/java-7-openjdk/jre/lib/amd64/libverify.so
7f4901f4b000-7f490214a000 ---p 0000d000 08:01 1319305                    /usr/lib/jvm/java-7-openjdk/jre/lib/amd64/libverify.so
7f490214a000-7f490214c000 rw-p 0000c000 08:01 1319305                    /usr/lib/jvm/java-7-openjdk/jre/lib/amd64/libverify.so
7f490214c000-7f4902153000 r-xp 00000000 08:01 1182954                    /usr/lib/librt-2.19.so
7f4902153000-7f4902352000 ---p 00007000 08:01 1182954                    /usr/lib/librt-2.19.so
7f4902352000-7f4902353000 r--p 00006000 08:01 1182954                    /usr/lib/librt-2.19.so
7f4902353000-7f4902354000 rw-p 00007000 08:01 1182954                    /usr/lib/librt-2.19.so
7f4902354000-7f490236a000 r-xp 00000000 08:01 1186361                    /usr/lib/libgcc_s.so.1
7f490236a000-7f4902569000 ---p 00016000 08:01 1186361                    /usr/lib/libgcc_s.so.1
7f4902569000-7f490256a000 rw-p 00015000 08:01 1186361                    /usr/lib/libgcc_s.so.1
7f490256a000-7f490266d000 r-xp 00000000 08:01 1182916                    /usr/lib/libm-2.19.so
7f490266d000-7f490286c000 ---p 00103000 08:01 1182916                    /usr/lib/libm-2.19.so
7f490286c000-7f490286d000 r--p 00102000 08:01 1182916                    /usr/lib/libm-2.19.so
7f490286d000-7f490286e000 rw-p 00103000 08:01 1182916                    /usr/lib/libm-2.19.so
7f490286e000-7f490295e000 r-xp 00000000 08:01 1186365                    /usr/lib/libstdc++.so.6.0.20
7f490295e000-7f4902b5e000 ---p 000f0000 08:01 1186365                    /usr/lib/libstdc++.so.6.0.20
7f4902b5e000-7f4902b66000 r--p 000f0000 08:01 1186365                    /usr/lib/libstdc++.so.6.0.20
7f4902b66000-7f4902b68000 rw-p 000f8000 08:01 1186365                    /usr/lib/libstdc++.so.6.0.20
7f4902b68000-7f4902b7d000 rw-p 00000000 00:00 0 
7f4902b7d000-7f49036c5000 r-xp 00000000 08:01 1319337                    /usr/lib/jvm/java-7-openjdk/jre/lib/amd64/server/libjvm.so
7f49036c5000-7f49038c4000 ---p 00b48000 08:01 1319337                    /usr/lib/jvm/java-7-openjdk/jre/lib/amd64/server/libjvm.so
7f49038c4000-7f4903986000 rw-p 00b47000 08:01 1319337                    /usr/lib/jvm/java-7-openjdk/jre/lib/amd64/server/libjvm.so
7f4903986000-7f49039b2000 rw-p 00000000 00:00 0 
7f49039b2000-7f49039c7000 r-xp 00000000 08:01 1186230                    /usr/lib/libz.so.1.2.8
7f49039c7000-7f4903bc6000 ---p 00015000 08:01 1186230                    /usr/lib/libz.so.1.2.8
7f4903bc6000-7f4903bc7000 r--p 00014000 08:01 1186230                    /usr/lib/libz.so.1.2.8
7f4903bc7000-7f4903bc8000 rw-p 00015000 08:01 1186230                    /usr/lib/libz.so.1.2.8
7f4903bc8000-7f4903d6c000 r-xp 00000000 08:01 1182960                    /usr/lib/libc-2.19.so
7f4903d6c000-7f4903f6c000 ---p 001a4000 08:01 1182960                    /usr/lib/libc-2.19.so
7f4903f6c000-7f4903f70000 r--p 001a4000 08:01 1182960                    /usr/lib/libc-2.19.so
7f4903f70000-7f4903f72000 rw-p 001a8000 08:01 1182960                    /usr/lib/libc-2.19.so
7f4903f72000-7f4903f76000 rw-p 00000000 00:00 0 
7f4903f76000-7f4903f79000 r-xp 00000000 08:01 1182925                    /usr/lib/libdl-2.19.so
7f4903f79000-7f4904178000 ---p 00003000 08:01 1182925                    /usr/lib/libdl-2.19.so
7f4904178000-7f4904179000 r--p 00002000 08:01 1182925                    /usr/lib/libdl-2.19.so
7f4904179000-7f490417a000 rw-p 00003000 08:01 1182925                    /usr/lib/libdl-2.19.so
7f490417a000-7f4904187000 r-xp 00000000 08:01 1447815                    /usr/lib/jvm/java-7-openjdk/jre/lib/amd64/jli/libjli.so
7f4904187000-7f4904386000 ---p 0000d000 08:01 1447815                    /usr/lib/jvm/java-7-openjdk/jre/lib/amd64/jli/libjli.so
7f4904386000-7f4904387000 rw-p 0000c000 08:01 1447815                    /usr/lib/jvm/java-7-openjdk/jre/lib/amd64/jli/libjli.so
7f4904387000-7f490439f000 r-xp 00000000 08:01 1182975                    /usr/lib/libpthread-2.19.so
7f490439f000-7f490459f000 ---p 00018000 08:01 1182975                    /usr/lib/libpthread-2.19.so
7f490459f000-7f49045a0000 r--p 00018000 08:01 1182975                    /usr/lib/libpthread-2.19.so
7f49045a0000-7f49045a1000 rw-p 00019000 08:01 1182975                    /usr/lib/libpthread-2.19.so
7f49045a1000-7f49045a5000 rw-p 00000000 00:00 0 
7f49045a5000-7f49045c6000 r-xp 00000000 08:01 1182944                    /usr/lib/ld-2.19.so
7f49045c6000-7f49045c7000 r--s 00005000 08:02 11294482                   /home/kuba/.sbt/boot/scala-2.10.4/org.scala-sbt/sbt/0.13.5/test-agent-0.13.5.jar
7f49045c7000-7f49045c9000 r--s 00001000 08:02 11294462                   /home/kuba/.sbt/boot/scala-2.10.4/org.scala-sbt/sbt/0.13.5/compiler-ivy-integration-0.13.5.jar
7f49045c9000-7f49045cb000 r--s 00002000 08:02 11294441                   /home/kuba/.sbt/boot/scala-2.10.4/org.scala-sbt/sbt/0.13.5/test-interface-1.0.jar
7f49045cb000-7f49045ce000 r--s 0000e000 08:02 11294448                   /home/kuba/.sbt/boot/scala-2.10.4/org.scala-sbt/sbt/0.13.5/compiler-integration-0.13.5.jar
7f49045ce000-7f49045d1000 r--s 00018000 08:02 11294452                   /home/kuba/.sbt/boot/scala-2.10.4/org.scala-sbt/sbt/0.13.5/logging-0.13.5.jar
7f49045d1000-7f49045d3000 r--s 00014000 08:02 11294458                   /home/kuba/.sbt/boot/scala-2.10.4/org.scala-sbt/sbt/0.13.5/apply-macro-0.13.5.jar
7f49045d3000-7f49045d7000 r--s 00025000 08:02 11294505                   /home/kuba/.sbt/boot/scala-2.10.4/lib/jline.jar
7f49045d7000-7f49045e9000 rw-p 00000000 00:00 0 
7f49045e9000-7f4904697000 rw-p 00000000 00:00 0 
7f4904697000-7f490469a000 ---p 00000000 00:00 0 
7f490469a000-7f490479c000 rw-p 00000000 00:00 0                          [stack:3163]
7f490479c000-7f490479d000 r--s 0000a000 08:02 11294465                   /home/kuba/.sbt/boot/scala-2.10.4/org.scala-sbt/sbt/0.13.5/tracking-0.13.5.jar
7f490479d000-7f49047a0000 r--s 00018000 08:02 11294503                   /home/kuba/.sbt/boot/scala-2.10.4/lib/jansi.jar
7f49047a0000-7f49047ba000 r--s 00107000 08:01 2628439                    /usr/share/java/sbt/sbt-launch.jar
7f49047ba000-7f49047c2000 rw-s 00000000 00:1f 145922                     /tmp/hsperfdata_kuba/3162
7f49047c2000-7f49047c3000 rw-p 00000000 00:00 0 
7f49047c3000-7f49047c4000 ---p 00000000 00:00 0 
7f49047c4000-7f49047c5000 rw-p 00000000 00:00 0 
7f49047c5000-7f49047c6000 r--p 00020000 08:01 1182944                    /usr/lib/ld-2.19.so
7f49047c6000-7f49047c7000 rw-p 00021000 08:01 1182944                    /usr/lib/ld-2.19.so
7f49047c7000-7f49047c8000 rw-p 00000000 00:00 0 
7fff3439f000-7fff343c0000 rw-p 00000000 00:00 0                          [stack]
7fff343fe000-7fff34400000 r-xp 00000000 00:00 0                          [vdso]
ffffffffff600000-ffffffffff601000 r-xp 00000000 00:00 0                  [vsyscall]

VM Arguments:
jvm_args: -Xms512M -Xmx1536M -Xss1M -XX:+CMSClassUnloadingEnabled -XX:MaxPermSize=256M 
java_command: /usr/share/java/sbt/sbt-launch.jar run
Launcher Type: SUN_STANDARD

Environment Variables:
JAVA_HOME=/usr/lib/jvm/java-7-openjdk
PATH=/usr/local/sbin:/usr/local/bin:/usr/bin:/usr/bin/core_perl:/home/kuba/Programs/sublime_text_3:/home/kuba/Programs/activator-1.2.3-minimal
SHELL=/bin/bash
DISPLAY=:0

Signal Handlers:
SIGSEGV: [libjvm.so+0x97c3b0], sa_mask[0]=0x7ffbfeff, sa_flags=0x10000004
SIGBUS: [libjvm.so+0x97c3b0], sa_mask[0]=0x7ffbfeff, sa_flags=0x10000004
SIGFPE: [libjvm.so+0x7eab30], sa_mask[0]=0x7ffbfeff, sa_flags=0x10000004
SIGPIPE: [libjvm.so+0x7eab30], sa_mask[0]=0x7ffbfeff, sa_flags=0x10000004
SIGXFSZ: [libjvm.so+0x7eab30], sa_mask[0]=0x7ffbfeff, sa_flags=0x10000004
SIGILL: [libjvm.so+0x7eab30], sa_mask[0]=0x7ffbfeff, sa_flags=0x10000004
SIGUSR1: SIG_DFL, sa_mask[0]=0x00000000, sa_flags=0x00000000
SIGUSR2: [libjvm.so+0x7ea9b0], sa_mask[0]=0x00000000, sa_flags=0x10000004
SIGHUP: [libjvm.so+0x7eabb0], sa_mask[0]=0x7ffbfeff, sa_flags=0x10000004
SIGINT: [libjvm.so+0x7eabb0], sa_mask[0]=0x7ffbfeff, sa_flags=0x10000004
SIGTERM: [libjvm.so+0x7eabb0], sa_mask[0]=0x7ffbfeff, sa_flags=0x10000004
SIGQUIT: [libjvm.so+0x7eabb0], sa_mask[0]=0x7ffbfeff, sa_flags=0x10000004
SIGTRAP: SIG_DFL, sa_mask[0]=0x00000000, sa_flags=0x00000000


---------------  S Y S T E M  ---------------

OS:Linux
uname:Linux 3.15.5-2-ARCH #1 SMP PREEMPT Fri Jul 11 07:56:02 CEST 2014 x86_64
libc:glibc 2.19 NPTL 2.19 
rlimit: STACK 8192k, CORE 0k, NPROC 14613, NOFILE 4096, AS infinity
load average:1.51 0.62 0.46

/proc/meminfo:
MemTotal:        3746820 kB
MemFree:          163236 kB
MemAvailable:     141500 kB
Buffers:            2176 kB
Cached:           418100 kB
SwapCached:            0 kB
Active:          3010896 kB
Inactive:         363580 kB
Active(anon):    2961700 kB
Inactive(anon):   314936 kB
Active(file):      49196 kB
Inactive(file):    48644 kB
Unevictable:       16256 kB
Mlocked:           16256 kB
SwapTotal:             0 kB
SwapFree:              0 kB
Dirty:              1400 kB
Writeback:          1976 kB
AnonPages:       2970220 kB
Mapped:           149512 kB
Shmem:            316284 kB
Slab:              57480 kB
SReclaimable:      27612 kB
SUnreclaim:        29868 kB
KernelStack:        8832 kB
PageTables:        49780 kB
NFS_Unstable:          0 kB
Bounce:                0 kB
WritebackTmp:          0 kB
CommitLimit:     1873408 kB
Committed_AS:    8396772 kB
VmallocTotal:   34359738367 kB
VmallocUsed:      367004 kB
VmallocChunk:   34359351164 kB
HardwareCorrupted:     0 kB
AnonHugePages:    712704 kB
HugePages_Total:       0
HugePages_Free:        0
HugePages_Rsvd:        0
HugePages_Surp:        0
Hugepagesize:       2048 kB
DirectMap4k:       12328 kB
DirectMap2M:     3872768 kB


CPU:total 4 (2 cores per cpu, 2 threads per core) family 6 model 58 stepping 9, cmov, cx8, fxsr, mmx, sse, sse2, sse3, ssse3, sse4.1, sse4.2, popcnt, avx, erms, ht, tsc, tscinvbit, tscinv

/proc/cpuinfo:
processor	: 0
vendor_id	: GenuineIntel
cpu family	: 6
model		: 58
model name	: Intel(R) Core(TM) i3-3110M CPU @ 2.40GHz
stepping	: 9
microcode	: 0x15
cpu MHz		: 1292.906
cache size	: 3072 KB
physical id	: 0
siblings	: 4
core id		: 0
cpu cores	: 2
apicid		: 0
initial apicid	: 0
fpu		: yes
fpu_exception	: yes
cpuid level	: 13
wp		: yes
flags		: fpu vme de pse tsc msr pae mce cx8 apic sep mtrr pge mca cmov pat pse36 clflush dts acpi mmx fxsr sse sse2 ss ht tm pbe syscall nx rdtscp lm constant_tsc arch_perfmon pebs bts rep_good nopl xtopology nonstop_tsc aperfmperf eagerfpu pni pclmulqdq dtes64 monitor ds_cpl vmx est tm2 ssse3 cx16 xtpr pdcm pcid sse4_1 sse4_2 x2apic popcnt tsc_deadline_timer xsave avx f16c lahf_lm arat epb xsaveopt pln pts dtherm tpr_shadow vnmi flexpriority ept vpid fsgsbase smep erms
bogomips	: 4791.67
clflush size	: 64
cache_alignment	: 64
address sizes	: 36 bits physical, 48 bits virtual
power management:

processor	: 1
vendor_id	: GenuineIntel
cpu family	: 6
model		: 58
model name	: Intel(R) Core(TM) i3-3110M CPU @ 2.40GHz
stepping	: 9
microcode	: 0x15
cpu MHz		: 2382.281
cache size	: 3072 KB
physical id	: 0
siblings	: 4
core id		: 0
cpu cores	: 2
apicid		: 1
initial apicid	: 1
fpu		: yes
fpu_exception	: yes
cpuid level	: 13
wp		: yes
flags		: fpu vme de pse tsc msr pae mce cx8 apic sep mtrr pge mca cmov pat pse36 clflush dts acpi mmx fxsr sse sse2 ss ht tm pbe syscall nx rdtscp lm constant_tsc arch_perfmon pebs bts rep_good nopl xtopology nonstop_tsc aperfmperf eagerfpu pni pclmulqdq dtes64 monitor ds_cpl vmx est tm2 ssse3 cx16 xtpr pdcm pcid sse4_1 sse4_2 x2apic popcnt tsc_deadline_timer xsave avx f16c lahf_lm arat epb xsaveopt pln pts dtherm tpr_shadow vnmi flexpriority ept vpid fsgsbase smep erms
bogomips	: 4791.67
clflush size	: 64
cache_alignment	: 64
address sizes	: 36 bits physical, 48 bits virtual
power management:

processor	: 2
vendor_id	: GenuineIntel
cpu family	: 6
model		: 58
model name	: Intel(R) Core(TM) i3-3110M CPU @ 2.40GHz
stepping	: 9
microcode	: 0x15
cpu MHz		: 2312.906
cache size	: 3072 KB
physical id	: 0
siblings	: 4
core id		: 1
cpu cores	: 2
apicid		: 2
initial apicid	: 2
fpu		: yes
fpu_exception	: yes
cpuid level	: 13
wp		: yes
flags		: fpu vme de pse tsc msr pae mce cx8 apic sep mtrr pge mca cmov pat pse36 clflush dts acpi mmx fxsr sse sse2 ss ht tm pbe syscall nx rdtscp lm constant_tsc arch_perfmon pebs bts rep_good nopl xtopology nonstop_tsc aperfmperf eagerfpu pni pclmulqdq dtes64 monitor ds_cpl vmx est tm2 ssse3 cx16 xtpr pdcm pcid sse4_1 sse4_2 x2apic popcnt tsc_deadline_timer xsave avx f16c lahf_lm arat epb xsaveopt pln pts dtherm tpr_shadow vnmi flexpriority ept vpid fsgsbase smep erms
bogomips	: 4791.67
clflush size	: 64
cache_alignment	: 64
address sizes	: 36 bits physical, 48 bits virtual
power management:

processor	: 3
vendor_id	: GenuineIntel
cpu family	: 6
model		: 58
model name	: Intel(R) Core(TM) i3-3110M CPU @ 2.40GHz
stepping	: 9
microcode	: 0x15
cpu MHz		: 1200.000
cache size	: 3072 KB
physical id	: 0
siblings	: 4
core id		: 1
cpu cores	: 2
apicid		: 3
initial apicid	: 3
fpu		: yes
fpu_exception	: yes
cpuid level	: 13
wp		: yes
flags		: fpu vme de pse tsc msr pae mce cx8 apic sep mtrr pge mca cmov pat pse36 clflush dts acpi mmx fxsr sse sse2 ss ht tm pbe syscall nx rdtscp lm constant_tsc arch_perfmon pebs bts rep_good nopl xtopology nonstop_tsc aperfmperf eagerfpu pni pclmulqdq dtes64 monitor ds_cpl vmx est tm2 ssse3 cx16 xtpr pdcm pcid sse4_1 sse4_2 x2apic popcnt tsc_deadline_timer xsave avx f16c lahf_lm arat epb xsaveopt pln pts dtherm tpr_shadow vnmi flexpriority ept vpid fsgsbase smep erms
bogomips	: 4791.67
clflush size	: 64
cache_alignment	: 64
address sizes	: 36 bits physical, 48 bits virtual
power management:



Memory: 4k page, physical 3746820k(163236k free), swap 0k(0k free)

vm_info: OpenJDK 64-Bit Server VM (24.65-b04) for linux-amd64 JRE (1.7.0_65-b32), built on Jul 16 2014 12:18:44 by "nobody" with gcc 4.9.0 20140604 (prerelease)

time: Wed Jul 23 18:42:26 2014
elapsed time: 19 seconds

