#
# There is insufficient memory for the Java Runtime Environment to continue.
# Native memory allocation (malloc) failed to allocate 222298112 bytes for committing reserved memory.
# Possible reasons:
#   The system is out of physical RAM or swap space
#   In 32 bit mode, the process size limit was hit
# Possible solutions:
#   Reduce memory load on the system
#   Increase physical memory or swap space
#   Check if swap backing store is full
#   Use 64 bit Java on a 64 bit OS
#   Decrease Java heap size (-Xmx/-Xms)
#   Decrease number of Java threads
#   Decrease Java thread stack sizes (-Xss)
#   Set larger code cache with -XX:ReservedCodeCacheSize=
# This output file may be truncated or incomplete.
#
#  Out of Memory Error (os_linux.cpp:2798), pid=9272, tid=139636780279552
#
# JRE version: OpenJDK Runtime Environment (7.0_65-b32) (build 1.7.0_65-b32)
# Java VM: OpenJDK 64-Bit Server VM (24.65-b04 mixed mode linux-amd64 compressed oops)
# Failed to write core dump. Core dumps have been disabled. To enable core dumping, try "ulimit -c unlimited" before starting Java again
#

---------------  T H R E A D  ---------------

Current thread (0x00007effbc13a800):  VMThread [stack: 0x00007effb89fa000,0x00007effb8afb000] [id=9278]

Stack: [0x00007effb89fa000,0x00007effb8afb000],  sp=0x00007effb8af94e0,  free space=1021k
Native frames: (J=compiled Java code, j=interpreted, Vv=VM code, C=native code)
V  [libjvm.so+0x97b8c6]
V  [libjvm.so+0x48c2b2]
V  [libjvm.so+0x7ef57b]
V  [libjvm.so+0x7e9cfe]
V  [libjvm.so+0x85ba7b]
V  [libjvm.so+0x85c933]
V  [libjvm.so+0x85d04b]
V  [libjvm.so+0x858a59]
V  [libjvm.so+0x859238]
V  [libjvm.so+0x811103]
V  [libjvm.so+0x97d192]
V  [libjvm.so+0x981a07]
V  [libjvm.so+0x97fffb]
V  [libjvm.so+0x9806a6]
V  [libjvm.so+0x980b71]
V  [libjvm.so+0x7ec282]

VM_Operation (0x00007eff870b07c0): ParallelGCFailedAllocation, mode: safepoint, requested by thread 0x00007effbd463800


---------------  P R O C E S S  ---------------

Java Threads: ( => current thread )
  0x00007eff40176800 JavaThread "Trireme Async Pool" daemon [_thread_blocked, id=9364, stack(0x00007eff3beff000,0x00007eff3c000000)]
  0x00007eff40175800 JavaThread "Trireme Async Pool" daemon [_thread_blocked, id=9363, stack(0x00007eff840df000,0x00007eff841e0000)]
  0x00007eff401a7000 JavaThread "Trireme Async Pool" daemon [_thread_blocked, id=9362, stack(0x00007eff841e0000,0x00007eff842e1000)]
  0x00007eff401a5800 JavaThread "Trireme Async Pool" daemon [_thread_blocked, id=9361, stack(0x00007eff842e1000,0x00007eff843e2000)]
  0x00007eff4019d800 JavaThread "Trireme Async Pool" daemon [_thread_blocked, id=9360, stack(0x00007eff843e2000,0x00007eff844e3000)]
  0x00007eff401a1000 JavaThread "Trireme Async Pool" daemon [_thread_blocked, id=9359, stack(0x00007eff844e3000,0x00007eff845e4000)]
  0x00007eff401a3800 JavaThread "Trireme Async Pool" daemon [_thread_blocked, id=9358, stack(0x00007eff845e4000,0x00007eff846e5000)]
  0x00007eff40198800 JavaThread "Trireme Async Pool" daemon [_thread_blocked, id=9357, stack(0x00007eff846e5000,0x00007eff847e6000)]
  0x00007eff401d3800 JavaThread "Trireme Async Pool" daemon [_thread_blocked, id=9356, stack(0x00007eff84806000,0x00007eff84907000)]
  0x00007eff4019a000 JavaThread "Trireme Async Pool" daemon [_thread_blocked, id=9355, stack(0x00007eff84907000,0x00007eff84a08000)]
  0x00007eff4019c000 JavaThread "Trireme Async Pool" daemon [_thread_blocked, id=9354, stack(0x00007eff84a08000,0x00007eff84b09000)]
  0x00007eff401cd800 JavaThread "Trireme Async Pool" daemon [_thread_blocked, id=9353, stack(0x00007eff84b09000,0x00007eff84c0a000)]
  0x00007eff401d9000 JavaThread "Trireme Async Pool" daemon [_thread_blocked, id=9352, stack(0x00007eff84c0a000,0x00007eff84d0b000)]
  0x00007eff40186000 JavaThread "Trireme Async Pool" daemon [_thread_blocked, id=9351, stack(0x00007eff84d0b000,0x00007eff84e0c000)]
  0x00007eff40188000 JavaThread "Trireme Async Pool" daemon [_thread_blocked, id=9350, stack(0x00007eff84f1d000,0x00007eff8501e000)]
  0x00007eff40187000 JavaThread "Trireme Async Pool" daemon [_thread_blocked, id=9349, stack(0x00007eff84e0c000,0x00007eff84f0d000)]
  0x00007eff40131800 JavaThread "Trireme Async Pool" daemon [_thread_blocked, id=9348, stack(0x00007eff8501e000,0x00007eff8511f000)]
  0x00007eff40133000 JavaThread "Trireme Async Pool" daemon [_thread_blocked, id=9347, stack(0x00007eff8511f000,0x00007eff85220000)]
  0x00007eff4012a800 JavaThread "Trireme Async Pool" daemon [_thread_blocked, id=9346, stack(0x00007eff85220000,0x00007eff85321000)]
  0x00007eff4012f000 JavaThread "Trireme Async Pool" daemon [_thread_blocked, id=9345, stack(0x00007eff85321000,0x00007eff85422000)]
  0x00007eff400b2800 JavaThread "Trireme Async Pool" daemon [_thread_blocked, id=9343, stack(0x00007eff85422000,0x00007eff85523000)]
  0x00007eff74039000 JavaThread "Trireme Script Thread" daemon [_thread_blocked, id=9333, stack(0x00007eff85523000,0x00007eff85624000)]
  0x00007eff44004000 JavaThread "sbt-web-blocking-process-io-dispatcher-9" [_thread_blocked, id=9332, stack(0x00007eff85624000,0x00007eff85725000)]
  0x00007eff44002800 JavaThread "sbt-web-blocking-process-io-dispatcher-8" [_thread_blocked, id=9331, stack(0x00007eff85725000,0x00007eff85826000)]
  0x00007eff58014800 JavaThread "sbt-web-blocking-process-io-dispatcher-7" [_thread_blocked, id=9330, stack(0x00007eff85826000,0x00007eff85927000)]
  0x00007eff7401f800 JavaThread "sbt-web-blocking-process-io-dispatcher-6" [_thread_blocked, id=9329, stack(0x00007eff8592f000,0x00007eff85a30000)]
  0x00007eff54004000 JavaThread "pool-4-thread-6" [_thread_blocked, id=9328, stack(0x00007eff862e1000,0x00007eff863e2000)]
  0x00007eff60001800 JavaThread "pool-4-thread-5" [_thread_blocked, id=9327, stack(0x00007eff863e2000,0x00007eff864e3000)]
  0x00007effbd516000 JavaThread "pool-4-thread-4" [_thread_blocked, id=9326, stack(0x00007eff864e3000,0x00007eff865e4000)]
  0x00007effbd514800 JavaThread "pool-4-thread-3" [_thread_blocked, id=9325, stack(0x00007eff865e4000,0x00007eff866e5000)]
  0x00007effbd513000 JavaThread "pool-4-thread-2" [_thread_blocked, id=9324, stack(0x00007eff866e5000,0x00007eff867e6000)]
  0x00007effbd512000 JavaThread "pool-4-thread-1" [_thread_blocked, id=9323, stack(0x00007eff867e6000,0x00007eff868e7000)]
  0x00007effbd4d2000 JavaThread "sbt-web-akka.actor.default-dispatcher-5" [_thread_blocked, id=9322, stack(0x00007eff870b2000,0x00007eff871b3000)]
  0x00007eff7001d800 JavaThread "sbt-web-akka.actor.default-dispatcher-4" [_thread_blocked, id=9321, stack(0x00007eff86eb0000,0x00007eff86fb1000)]
  0x00007effbd4d0000 JavaThread "sbt-web-akka.actor.default-dispatcher-3" [_thread_blocked, id=9320, stack(0x00007eff86cae000,0x00007eff86daf000)]
  0x00007effbd4c2800 JavaThread "sbt-web-akka.actor.default-dispatcher-2" [_thread_blocked, id=9319, stack(0x00007eff86daf000,0x00007eff86eb0000)]
  0x00007effbd463800 JavaThread "sbt-web-scheduler-1" [_thread_blocked, id=9318, stack(0x00007eff86fb1000,0x00007eff870b2000)]
  0x00007effbc6e7000 JavaThread "process reaper" daemon [_thread_blocked, id=9287, stack(0x00007eff871b8000,0x00007eff871f1000)]
  0x00007effbc176000 JavaThread "Service Thread" daemon [_thread_blocked, id=9284, stack(0x00007effb826b000,0x00007effb836c000)]
  0x00007effbc173800 JavaThread "C2 CompilerThread1" daemon [_thread_blocked, id=9283, stack(0x00007effb836c000,0x00007effb846d000)]
  0x00007effbc170800 JavaThread "C2 CompilerThread0" daemon [_thread_blocked, id=9282, stack(0x00007effb846d000,0x00007effb856e000)]
  0x00007effbc16e800 JavaThread "Signal Dispatcher" daemon [_thread_blocked, id=9281, stack(0x00007effb856e000,0x00007effb866f000)]
  0x00007effbc141000 JavaThread "Finalizer" daemon [_thread_blocked, id=9280, stack(0x00007effb87f8000,0x00007effb88f9000)]
  0x00007effbc13f000 JavaThread "Reference Handler" daemon [_thread_blocked, id=9279, stack(0x00007effb88f9000,0x00007effb89fa000)]
  0x00007effbc008800 JavaThread "main" [_thread_blocked, id=9273, stack(0x00007effc48b4000,0x00007effc49b5000)]

Other Threads:
=>0x00007effbc13a800 VMThread [stack: 0x00007effb89fa000,0x00007effb8afb000] [id=9278]
  0x00007effbc180800 WatcherThread [stack: 0x00007effb816a000,0x00007effb826b000] [id=9285]

VM state:at safepoint (normal execution)

VM Mutex/Monitor currently owned by a thread:  ([mutex/lock_event])
[0x00007effbc006140] Threads_lock - owner thread: 0x00007effbc13a800
[0x00007effbc006640] Heap_lock - owner thread: 0x00007effbd463800

Heap
 PSYoungGen      total 285696K, used 21476K [0x00000000e0000000, 0x00000000f2c00000, 0x0000000100000000)
  eden space 264192K, 0% used [0x00000000e0000000,0x00000000e0000000,0x00000000f0200000)
  from space 21504K, 99% used [0x00000000f1700000,0x00000000f2bf9288,0x00000000f2c00000)
  to   space 21504K, 0% used [0x00000000f0200000,0x00000000f0200000,0x00000000f1700000)
 ParOldGen       total 349696K, used 57250K [0x00000000a0000000, 0x00000000b5580000, 0x00000000e0000000)
  object space 349696K, 16% used [0x00000000a0000000,0x00000000a37e8ac8,0x00000000b5580000)
 PSPermGen       total 66048K, used 65576K [0x0000000090000000, 0x0000000094080000, 0x00000000a0000000)
  object space 66048K, 99% used [0x0000000090000000,0x000000009400a2d0,0x0000000094080000)

Card table byte_map: [0x00007effc1799000,0x00007effc1b1a000] byte_map_base: 0x00007effc1319000

Polling page: 0x00007effc49e0000

Code Cache  [0x00007effb9000000, 0x00007effb92e0000, 0x00007effbc000000)
 total_blobs=1855 nmethods=1461 adapters=346 free_code_cache=46324Kb largest_free_block=47372224

Compilation events (10 events):
Event: 17.568 Thread 0x00007effbc173800 nmethod 1637 0x00007effb92caad0 code [0x00007effb92cac20, 0x00007effb92cac88]
Event: 17.581 Thread 0x00007effbc170800 nmethod 1635 0x00007effb92ce990 code [0x00007effb92cec00, 0x00007effb92cf9b8]
Event: 17.586 Thread 0x00007effbc173800 1638   !         java.util.zip.ZipFile::releaseInflater (41 bytes)
Event: 17.586 Thread 0x00007effbc170800 1639             java.util.ArrayDeque::add (7 bytes)
Event: 17.588 Thread 0x00007effbc170800 nmethod 1639 0x00007effb92c9650 code [0x00007effb92c97a0, 0x00007effb92c98e8]
Event: 17.588 Thread 0x00007effbc170800 1640             java.util.ArrayDeque::addLast (53 bytes)
Event: 17.590 Thread 0x00007effbc170800 nmethod 1640 0x00007effb92c9290 code [0x00007effb92c93e0, 0x00007effb92c9528]
Event: 17.590 Thread 0x00007effbc170800 1641             java.lang.Character::isWhitespace (9 bytes)
Event: 17.591 Thread 0x00007effbc170800 nmethod 1641 0x00007effb92cccd0 code [0x00007effb92cce20, 0x00007effb92ccf98]
Event: 17.592 Thread 0x00007effbc173800 nmethod 1638 0x00007effb92cd910 code [0x00007effb92cdaa0, 0x00007effb92ce498]

GC Heap History (7 events):
Event: 5.204 GC heap before
{Heap before GC invocations=1 (full 0):
 PSYoungGen      total 153600K, used 132096K [0x00000000e0000000, 0x00000000eab00000, 0x0000000100000000)
  eden space 132096K, 100% used [0x00000000e0000000,0x00000000e8100000,0x00000000e8100000)
  from space 21504K, 0% used [0x00000000e9600000,0x00000000e9600000,0x00000000eab00000)
  to   space 21504K, 0% used [0x00000000e8100000,0x00000000e8100000,0x00000000e9600000)
 ParOldGen       total 349696K, used 0K [0x00000000a0000000, 0x00000000b5580000, 0x00000000e0000000)
  object space 349696K, 0% used [0x00000000a0000000,0x00000000a0000000,0x00000000b5580000)
 PSPermGen       total 28672K, used 28186K [0x0000000090000000, 0x0000000091c00000, 0x00000000a0000000)
  object space 28672K, 98% used [0x0000000090000000,0x0000000091b868f8,0x0000000091c00000)
Event: 5.276 GC heap after
Heap after GC invocations=1 (full 0):
 PSYoungGen      total 153600K, used 21474K [0x00000000e0000000, 0x00000000f2c00000, 0x0000000100000000)
  eden space 132096K, 0% used [0x00000000e0000000,0x00000000e0000000,0x00000000e8100000)
  from space 21504K, 99% used [0x00000000e8100000,0x00000000e95f8a50,0x00000000e9600000)
  to   space 21504K, 0% used [0x00000000f1700000,0x00000000f1700000,0x00000000f2c00000)
 ParOldGen       total 349696K, used 591K [0x00000000a0000000, 0x00000000b5580000, 0x00000000e0000000)
  object space 349696K, 0% used [0x00000000a0000000,0x00000000a0093d20,0x00000000b5580000)
 PSPermGen       total 28672K, used 28186K [0x0000000090000000, 0x0000000091c00000, 0x00000000a0000000)
  object space 28672K, 98% used [0x0000000090000000,0x0000000091b868f8,0x0000000091c00000)
}
Event: 9.248 GC heap before
{Heap before GC invocations=2 (full 0):
 PSYoungGen      total 153600K, used 153570K [0x00000000e0000000, 0x00000000f2c00000, 0x0000000100000000)
  eden space 132096K, 100% used [0x00000000e0000000,0x00000000e8100000,0x00000000e8100000)
  from space 21504K, 99% used [0x00000000e8100000,0x00000000e95f8a50,0x00000000e9600000)
  to   space 21504K, 0% used [0x00000000f1700000,0x00000000f1700000,0x00000000f2c00000)
 ParOldGen       total 349696K, used 591K [0x00000000a0000000, 0x00000000b5580000, 0x00000000e0000000)
  object space 349696K, 0% used [0x00000000a0000000,0x00000000a0093d20,0x00000000b5580000)
 PSPermGen       total 37376K, used 36900K [0x0000000090000000, 0x0000000092480000, 0x00000000a0000000)
  object space 37376K, 98% used [0x0000000090000000,0x00000000924092c0,0x0000000092480000)
Event: 9.279 GC heap after
Heap after GC invocations=2 (full 0):
 PSYoungGen      total 285696K, used 14666K [0x00000000e0000000, 0x00000000f2c00000, 0x0000000100000000)
  eden space 264192K, 0% used [0x00000000e0000000,0x00000000e0000000,0x00000000f0200000)
  from space 21504K, 68% used [0x00000000f1700000,0x00000000f2552ad8,0x00000000f2c00000)
  to   space 21504K, 0% used [0x00000000f0200000,0x00000000f0200000,0x00000000f1700000)
 ParOldGen       total 349696K, used 599K [0x00000000a0000000, 0x00000000b5580000, 0x00000000e0000000)
  object space 349696K, 0% used [0x00000000a0000000,0x00000000a0095d20,0x00000000b5580000)
 PSPermGen       total 37376K, used 36900K [0x0000000090000000, 0x0000000092480000, 0x00000000a0000000)
  object space 37376K, 98% used [0x0000000090000000,0x00000000924092c0,0x0000000092480000)
}
Event: 13.790 GC heap before
{Heap before GC invocations=3 (full 0):
 PSYoungGen      total 285696K, used 278858K [0x00000000e0000000, 0x00000000f2c00000, 0x0000000100000000)
  eden space 264192K, 100% used [0x00000000e0000000,0x00000000f0200000,0x00000000f0200000)
  from space 21504K, 68% used [0x00000000f1700000,0x00000000f2552ad8,0x00000000f2c00000)
  to   space 21504K, 0% used [0x00000000f0200000,0x00000000f0200000,0x00000000f1700000)
 ParOldGen       total 349696K, used 599K [0x00000000a0000000, 0x00000000b5580000, 0x00000000e0000000)
  object space 349696K, 0% used [0x00000000a0000000,0x00000000a0095d20,0x00000000b5580000)
 PSPermGen       total 45568K, used 45106K [0x0000000090000000, 0x0000000092c80000, 0x00000000a0000000)
  object space 45568K, 98% used [0x0000000090000000,0x0000000092c0c940,0x0000000092c80000)
Event: 13.819 GC heap after
Heap after GC invocations=3 (full 0):
 PSYoungGen      total 285696K, used 21492K [0x00000000e0000000, 0x00000000f2c00000, 0x0000000100000000)
  eden space 264192K, 0% used [0x00000000e0000000,0x00000000e0000000,0x00000000f0200000)
  from space 21504K, 99% used [0x00000000f0200000,0x00000000f16fd3c8,0x00000000f1700000)
  to   space 21504K, 0% used [0x00000000f1700000,0x00000000f1700000,0x00000000f2c00000)
 ParOldGen       total 349696K, used 4849K [0x00000000a0000000, 0x00000000b5580000, 0x00000000e0000000)
  object space 349696K, 1% used [0x00000000a0000000,0x00000000a04bc418,0x00000000b5580000)
 PSPermGen       total 45568K, used 45106K [0x0000000090000000, 0x0000000092c80000, 0x00000000a0000000)
  object space 45568K, 98% used [0x0000000090000000,0x0000000092c0c940,0x0000000092c80000)
}
Event: 17.593 GC heap before
{Heap before GC invocations=4 (full 0):
 PSYoungGen      total 285696K, used 285684K [0x00000000e0000000, 0x00000000f2c00000, 0x0000000100000000)
  eden space 264192K, 100% used [0x00000000e0000000,0x00000000f0200000,0x00000000f0200000)
  from space 21504K, 99% used [0x00000000f0200000,0x00000000f16fd3c8,0x00000000f1700000)
  to   space 21504K, 0% used [0x00000000f1700000,0x00000000f1700000,0x00000000f2c00000)
 ParOldGen       total 349696K, used 4849K [0x00000000a0000000, 0x00000000b5580000, 0x00000000e0000000)
  object space 349696K, 1% used [0x00000000a0000000,0x00000000a04bc418,0x00000000b5580000)
 PSPermGen       total 66048K, used 65576K [0x0000000090000000, 0x0000000094080000, 0x00000000a0000000)
  object space 66048K, 99% used [0x0000000090000000,0x000000009400a2d0,0x0000000094080000)

Deoptimization events (10 events):
Event: 16.650 Thread 0x00007eff74039000 Uncommon trap: reason=bimorphic action=maybe_recompile pc=0x00007effb9086a08 method=java.util.concurrent.locks.AbstractQueuedSynchronizer.release(I)Z @ 2
Event: 16.716 Thread 0x00007eff54004000 Uncommon trap: reason=array_check action=maybe_recompile pc=0x00007effb9248c2c method=java.util.AbstractCollection.toArray([Ljava/lang/Object;)[Ljava/lang/Object; @ 119
Event: 16.722 Thread 0x00007eff54004000 Uncommon trap: reason=array_check action=maybe_recompile pc=0x00007effb9248c2c method=java.util.AbstractCollection.toArray([Ljava/lang/Object;)[Ljava/lang/Object; @ 119
Event: 16.733 Thread 0x00007eff74039000 Uncommon trap: reason=bimorphic action=maybe_recompile pc=0x00007effb9086a08 method=java.util.concurrent.locks.AbstractQueuedSynchronizer.release(I)Z @ 2
Event: 17.094 Thread 0x00007eff54004000 Uncommon trap: reason=unreached action=reinterpret pc=0x00007effb90c9fec method=scala.collection.mutable.HashTable$class.elemEquals(Lscala/collection/mutable/HashTable;Ljava/lang/Object;Ljava/lang/Object;)Z @ 2
Event: 17.550 Thread 0x00007eff74039000 Uncommon trap: reason=class_check action=maybe_recompile pc=0x00007effb92bf8a0 method=org.mozilla.javascript.NodeTransformer.transformCompilationUnit_r(Lorg/mozilla/javascript/ast/ScriptNode;Lorg/mozilla/javascript/Node;Lorg/mozilla/javascript/ast/Scope;Z
Event: 17.561 Thread 0x00007eff54004000 Uncommon trap: reason=bimorphic action=maybe_recompile pc=0x00007effb928dadc method=scala.reflect.internal.Scopes$Scope.lookupEntry(Lscala/reflect/internal/Names$Name;)Lscala/reflect/internal/Scopes$ScopeEntry; @ 30
Event: 17.561 Thread 0x00007eff54004000 Uncommon trap: reason=bimorphic action=maybe_recompile pc=0x00007effb928dadc method=scala.reflect.internal.Scopes$Scope.lookupEntry(Lscala/reflect/internal/Names$Name;)Lscala/reflect/internal/Scopes$ScopeEntry; @ 30
Event: 17.569 Thread 0x00007eff54004000 Uncommon trap: reason=unreached action=reinterpret pc=0x00007effb928db5c method=scala.reflect.internal.Scopes$Scope.lookupEntry(Lscala/reflect/internal/Names$Name;)Lscala/reflect/internal/Scopes$ScopeEntry; @ 4
Event: 17.592 Thread 0x00007eff74039000 Uncommon trap: reason=bimorphic action=maybe_recompile pc=0x00007effb92b1778 method=org.mozilla.javascript.ScriptableObject.putImpl(Ljava/lang/String;ILorg/mozilla/javascript/Scriptable;Ljava/lang/Object;)Z @ 72

Internal exceptions (10 events):
Event: 17.580 Thread 0x00007eff74039000 Threw 0x00000000effd6ff8 at /build/java7-openjdk/src/icedtea-2.5.1/openjdk/hotspot/src/share/vm/prims/jni.cpp:721
Event: 17.584 Thread 0x00007eff74039000 Threw 0x00000000f00a3ed8 at /build/java7-openjdk/src/icedtea-2.5.1/openjdk/hotspot/src/share/vm/prims/jni.cpp:721
Event: 17.586 Thread 0x00007eff74039000 Threw 0x00000000f00af7d8 at /build/java7-openjdk/src/icedtea-2.5.1/openjdk/hotspot/src/share/vm/prims/jvm.cpp:1247
Event: 17.586 Thread 0x00007eff74039000 Threw 0x00000000f00b0768 at /build/java7-openjdk/src/icedtea-2.5.1/openjdk/hotspot/src/share/vm/prims/jvm.cpp:1247
Event: 17.586 Thread 0x00007eff74039000 Threw 0x00000000f00b2460 at /build/java7-openjdk/src/icedtea-2.5.1/openjdk/hotspot/src/share/vm/prims/jvm.cpp:1247
Event: 17.586 Thread 0x00007eff74039000 Threw 0x00000000f00b78d0 at /build/java7-openjdk/src/icedtea-2.5.1/openjdk/hotspot/src/share/vm/prims/jvm.cpp:1247
Event: 17.587 Thread 0x00007eff74039000 Threw 0x00000000f00c80e8 at /build/java7-openjdk/src/icedtea-2.5.1/openjdk/hotspot/src/share/vm/prims/jvm.cpp:1247
Event: 17.587 Thread 0x00007eff74039000 Threw 0x00000000f00c9028 at /build/java7-openjdk/src/icedtea-2.5.1/openjdk/hotspot/src/share/vm/prims/jvm.cpp:1247
Event: 17.587 Thread 0x00007eff74039000 Threw 0x00000000f00cac10 at /build/java7-openjdk/src/icedtea-2.5.1/openjdk/hotspot/src/share/vm/prims/jvm.cpp:1247
Event: 17.587 Thread 0x00007eff74039000 Threw 0x00000000f00cf910 at /build/java7-openjdk/src/icedtea-2.5.1/openjdk/hotspot/src/share/vm/prims/jvm.cpp:1247

Events (10 events):
Event: 17.569 Thread 0x00007eff54004000 DEOPT PACKING pc=0x00007effb928db5c sp=0x00007eff863dca60
Event: 17.569 Thread 0x00007eff54004000 DEOPT UNPACKING pc=0x00007effb9039445 sp=0x00007eff863dca20 mode 2
Event: 17.586 loading class 0x00007eff40107bf0
Event: 17.586 loading class 0x00007eff40107bf0 done
Event: 17.587 loading class 0x00007eff4008c090
Event: 17.587 loading class 0x00007eff4008c090 done
Event: 17.592 Thread 0x00007eff74039000 Uncommon trap: trap_request=0xffffffc6 fr.pc=0x00007effb92b1778
Event: 17.592 Thread 0x00007eff74039000 DEOPT PACKING pc=0x00007effb92b1778 sp=0x00007eff8561d9d0
Event: 17.592 Thread 0x00007eff74039000 DEOPT UNPACKING pc=0x00007effb9039445 sp=0x00007eff8561d950 mode 2
Event: 17.592 Executing VM operation: ParallelGCFailedAllocation


Dynamic libraries:
00400000-00401000 r-xp 00000000 08:01 1319338                            /usr/lib/jvm/java-7-openjdk/jre/bin/java
00600000-00601000 rw-p 00000000 08:01 1319338                            /usr/lib/jvm/java-7-openjdk/jre/bin/java
020a5000-020c6000 rw-p 00000000 00:00 0                                  [heap]
90000000-94080000 rw-p 00000000 00:00 0 
94080000-a0000000 rw-p 00000000 00:00 0 
a0000000-b5580000 rw-p 00000000 00:00 0 
b5580000-e0000000 rw-p 00000000 00:00 0 
e0000000-f2c00000 rw-p 00000000 00:00 0 
7eff34000000-7eff34021000 rw-p 00000000 00:00 0 
7eff34021000-7eff38000000 ---p 00000000 00:00 0 
7eff3beff000-7eff3bf02000 ---p 00000000 00:00 0 
7eff3bf02000-7eff3c000000 rw-p 00000000 00:00 0                          [stack:9364]
7eff3c000000-7eff3c021000 rw-p 00000000 00:00 0 
7eff3c021000-7eff40000000 ---p 00000000 00:00 0 
7eff40000000-7eff4032a000 rw-p 00000000 00:00 0 
7eff4032a000-7eff44000000 ---p 00000000 00:00 0 
7eff44000000-7eff44021000 rw-p 00000000 00:00 0 
7eff44021000-7eff48000000 ---p 00000000 00:00 0 
7eff48000000-7eff48021000 rw-p 00000000 00:00 0 
7eff48021000-7eff4c000000 ---p 00000000 00:00 0 
7eff4c000000-7eff4c45e000 rw-p 00000000 00:00 0 
7eff4c45e000-7eff50000000 ---p 00000000 00:00 0 
7eff50000000-7eff50021000 rw-p 00000000 00:00 0 
7eff50021000-7eff54000000 ---p 00000000 00:00 0 
7eff54000000-7eff54028000 rw-p 00000000 00:00 0 
7eff54028000-7eff58000000 ---p 00000000 00:00 0 
7eff58000000-7eff58021000 rw-p 00000000 00:00 0 
7eff58021000-7eff5c000000 ---p 00000000 00:00 0 
7eff5c000000-7eff5c0d2000 rw-p 00000000 00:00 0 
7eff5c0d2000-7eff60000000 ---p 00000000 00:00 0 
7eff60000000-7eff60457000 rw-p 00000000 00:00 0 
7eff60457000-7eff64000000 ---p 00000000 00:00 0 
7eff64000000-7eff64079000 rw-p 00000000 00:00 0 
7eff64079000-7eff68000000 ---p 00000000 00:00 0 
7eff68000000-7eff68114000 rw-p 00000000 00:00 0 
7eff68114000-7eff6c000000 ---p 00000000 00:00 0 
7eff6c000000-7eff6c0a9000 rw-p 00000000 00:00 0 
7eff6c0a9000-7eff70000000 ---p 00000000 00:00 0 
7eff70000000-7eff70024000 rw-p 00000000 00:00 0 
7eff70024000-7eff74000000 ---p 00000000 00:00 0 
7eff74000000-7eff7406b000 rw-p 00000000 00:00 0 
7eff7406b000-7eff78000000 ---p 00000000 00:00 0 
7eff78000000-7eff7803a000 rw-p 00000000 00:00 0 
7eff7803a000-7eff7c000000 ---p 00000000 00:00 0 
7eff7c000000-7eff7c021000 rw-p 00000000 00:00 0 
7eff7c021000-7eff80000000 ---p 00000000 00:00 0 
7eff80000000-7eff80021000 rw-p 00000000 00:00 0 
7eff80021000-7eff84000000 ---p 00000000 00:00 0 
7eff840df000-7eff840e2000 ---p 00000000 00:00 0 
7eff840e2000-7eff841e0000 rw-p 00000000 00:00 0                          [stack:9363]
7eff841e0000-7eff841e3000 ---p 00000000 00:00 0 
7eff841e3000-7eff842e1000 rw-p 00000000 00:00 0                          [stack:9362]
7eff842e1000-7eff842e4000 ---p 00000000 00:00 0 
7eff842e4000-7eff843e2000 rw-p 00000000 00:00 0                          [stack:9361]
7eff843e2000-7eff843e5000 ---p 00000000 00:00 0 
7eff843e5000-7eff844e3000 rw-p 00000000 00:00 0                          [stack:9360]
7eff844e3000-7eff844e6000 ---p 00000000 00:00 0 
7eff844e6000-7eff845e4000 rw-p 00000000 00:00 0                          [stack:9359]
7eff845e4000-7eff845e7000 ---p 00000000 00:00 0 
7eff845e7000-7eff846e5000 rw-p 00000000 00:00 0                          [stack:9358]
7eff846e5000-7eff846e8000 ---p 00000000 00:00 0 
7eff846e8000-7eff847e6000 rw-p 00000000 00:00 0                          [stack:9357]
7eff847e6000-7eff847e8000 r--s 00012000 08:01 1447812                    /usr/lib/jvm/java-7-openjdk/jre/lib/ext/zipfs.jar
7eff847e8000-7eff847ec000 r--s 00085000 08:01 1447810                    /usr/lib/jvm/java-7-openjdk/jre/lib/ext/localedata.jar
7eff847ec000-7eff847ef000 r--s 0003c000 08:01 1447808                    /usr/lib/jvm/java-7-openjdk/jre/lib/ext/sunpkcs11.jar
7eff847ef000-7eff847fc000 r--s 0010f000 08:01 1319287                    /usr/lib/jvm/java-7-openjdk/jre/lib/rhino.jar
7eff847fc000-7eff84806000 r--s 00203000 08:01 1319283                    /usr/lib/jvm/java-7-openjdk/jre/lib/charsets.jar
7eff84806000-7eff84809000 ---p 00000000 00:00 0 
7eff84809000-7eff84907000 rw-p 00000000 00:00 0                          [stack:9356]
7eff84907000-7eff8490a000 ---p 00000000 00:00 0 
7eff8490a000-7eff84a08000 rw-p 00000000 00:00 0                          [stack:9355]
7eff84a08000-7eff84a0b000 ---p 00000000 00:00 0 
7eff84a0b000-7eff84b09000 rw-p 00000000 00:00 0                          [stack:9354]
7eff84b09000-7eff84b0c000 ---p 00000000 00:00 0 
7eff84b0c000-7eff84c0a000 rw-p 00000000 00:00 0                          [stack:9353]
7eff84c0a000-7eff84c0d000 ---p 00000000 00:00 0 
7eff84c0d000-7eff84d0b000 rw-p 00000000 00:00 0                          [stack:9352]
7eff84d0b000-7eff84d0e000 ---p 00000000 00:00 0 
7eff84d0e000-7eff84e0c000 rw-p 00000000 00:00 0                          [stack:9351]
7eff84e0c000-7eff84e0f000 ---p 00000000 00:00 0 
7eff84e0f000-7eff84f0d000 rw-p 00000000 00:00 0                          [stack:9349]
7eff84f0d000-7eff84f16000 r--s 000b9000 08:01 1319285                    /usr/lib/jvm/java-7-openjdk/jre/lib/resources.jar
7eff84f16000-7eff84f17000 rw-p 00000000 00:00 0 
7eff84f17000-7eff84f1a000 r--s 00032000 08:01 1447811                    /usr/lib/jvm/java-7-openjdk/jre/lib/ext/sunjce_provider.jar
7eff84f1a000-7eff84f1d000 r--s 00017000 08:01 1319282                    /usr/lib/jvm/java-7-openjdk/jre/lib/jce.jar
7eff84f1d000-7eff84f20000 ---p 00000000 00:00 0 
7eff84f20000-7eff8501e000 rw-p 00000000 00:00 0                          [stack:9350]
7eff8501e000-7eff85021000 ---p 00000000 00:00 0 
7eff85021000-7eff8511f000 rw-p 00000000 00:00 0                          [stack:9348]
7eff8511f000-7eff85122000 ---p 00000000 00:00 0 
7eff85122000-7eff85220000 rw-p 00000000 00:00 0                          [stack:9347]
7eff85220000-7eff85223000 ---p 00000000 00:00 0 
7eff85223000-7eff85321000 rw-p 00000000 00:00 0                          [stack:9346]
7eff85321000-7eff85324000 ---p 00000000 00:00 0 
7eff85324000-7eff85422000 rw-p 00000000 00:00 0                          [stack:9345]
7eff85422000-7eff85425000 ---p 00000000 00:00 0 
7eff85425000-7eff85523000 rw-p 00000000 00:00 0                          [stack:9343]
7eff85523000-7eff85526000 ---p 00000000 00:00 0 
7eff85526000-7eff85624000 rw-p 00000000 00:00 0                          [stack:9333]
7eff85624000-7eff85627000 ---p 00000000 00:00 0 
7eff85627000-7eff85725000 rw-p 00000000 00:00 0                          [stack:9332]
7eff85725000-7eff85728000 ---p 00000000 00:00 0 
7eff85728000-7eff85826000 rw-p 00000000 00:00 0                          [stack:9331]
7eff85826000-7eff85829000 ---p 00000000 00:00 0 
7eff85829000-7eff85927000 rw-p 00000000 00:00 0                          [stack:9330]
7eff85927000-7eff8592c000 r--s 00034000 08:02 11296047                   /home/kuba/.sbt/boot/scala-2.10.4/org.scala-sbt/sbt/0.13.5/compiler-interface-bin_2.11.1__51.0/compiler-interface.jar
7eff8592c000-7eff8592f000 r--s 00030000 08:02 11165610                   /home/kuba/.ivy2/cache/jline/jline/jars/jline-2.11.jar
7eff8592f000-7eff85932000 ---p 00000000 00:00 0 
7eff85932000-7eff85a30000 rw-p 00000000 00:00 0                          [stack:9329]
7eff85a30000-7eff85a3a000 r--s 00095000 08:02 11165660                   /home/kuba/.ivy2/cache/org.scala-lang.modules/scala-xml_2.11/bundles/scala-xml_2.11-1.0.2.jar
7eff85a3a000-7eff85a3b000 r--s 00002000 08:01 1447809                    /usr/lib/jvm/java-7-openjdk/jre/lib/ext/dnsns.jar
7eff85a3b000-7eff85a3d000 r--s 00006000 08:02 11295937                   /home/kuba/.ivy2/cache/org.easytesting/fest-util/jars/fest-util-1.1.6.jar
7eff85a3d000-7eff85a40000 r--s 00011000 08:02 11295892                   /home/kuba/.ivy2/cache/org.easytesting/fest-assert/jars/fest-assert-1.4.jar
7eff85a40000-7eff85a45000 r--s 0001d000 08:02 11295910                   /home/kuba/.ivy2/cache/org.seleniumhq.selenium/selenium-support/jars/selenium-support-2.39.0.jar
7eff85a45000-7eff85a4a000 r--s 00024000 08:02 11295912                   /home/kuba/.ivy2/cache/org.webbitserver/webbit/jars/webbit-0.4.14.jar
7eff85a4a000-7eff85a4c000 r--s 00043000 08:02 11295908                   /home/kuba/.ivy2/cache/org.seleniumhq.selenium/selenium-safari-driver/jars/selenium-safari-driver-2.39.0.jar
7eff85a4c000-7eff85a4e000 r--s 00002000 08:02 11295906                   /home/kuba/.ivy2/cache/org.seleniumhq.selenium/selenium-iphone-driver/jars/selenium-iphone-driver-2.39.0.jar
7eff85a4e000-7eff85a4f000 r--s 00002000 08:02 11295904                   /home/kuba/.ivy2/cache/org.seleniumhq.selenium/selenium-ie-driver/jars/selenium-ie-driver-2.39.0.jar
7eff85a4f000-7eff85a51000 r--s 00261000 08:02 11295902                   /home/kuba/.ivy2/cache/org.seleniumhq.selenium/selenium-firefox-driver/jars/selenium-firefox-driver-2.39.0.jar
7eff85a51000-7eff85a53000 r--s 00016000 08:02 11295935                   /home/kuba/.ivy2/cache/org.eclipse.jetty/jetty-http/jars/jetty-http-8.1.12.v20130726.jar
7eff85a53000-7eff85a56000 r--s 00017000 08:02 11295934                   /home/kuba/.ivy2/cache/org.eclipse.jetty/jetty-io/jars/jetty-io-8.1.12.v20130726.jar
7eff85a56000-7eff85a5b000 r--s 00042000 08:02 11295933                   /home/kuba/.ivy2/cache/org.eclipse.jetty/jetty-util/jars/jetty-util-8.1.12.v20130726.jar
7eff85a5b000-7eff85a5e000 r--s 0001c000 08:02 11295932                   /home/kuba/.ivy2/cache/org.eclipse.jetty/jetty-websocket/jars/jetty-websocket-8.1.12.v20130726.jar
7eff85a5e000-7eff85a62000 r--s 00027000 08:02 11295931                   /home/kuba/.ivy2/cache/commons-io/commons-io/jars/commons-io-2.2.jar
7eff85a62000-7eff85a66000 r--s 00053000 08:02 11295930                   /home/kuba/.ivy2/cache/net.sourceforge.cssparser/cssparser/jars/cssparser-0.9.11.jar
7eff85a66000-7eff85a69000 r--s 0001c000 08:02 11295929                   /home/kuba/.ivy2/cache/net.sourceforge.nekohtml/nekohtml/jars/nekohtml-1.9.19.jar
7eff85a69000-7eff85a77000 r--s 000ef000 08:02 11295928                   /home/kuba/.ivy2/cache/net.sourceforge.htmlunit/htmlunit-core-js/jars/htmlunit-core-js-2.13.jar
7eff85a77000-7eff85a79000 r--s 00008000 08:02 11295927                   /home/kuba/.ivy2/cache/org.apache.httpcomponents/httpmime/jars/httpmime-4.3.1.jar
7eff85a79000-7eff85a90000 r--s 00124000 08:02 11295926                   /home/kuba/.ivy2/cache/net.sourceforge.htmlunit/htmlunit/jars/htmlunit-2.13.jar
7eff85a90000-7eff85a92000 r--s 0000d000 08:02 11295900                   /home/kuba/.ivy2/cache/org.seleniumhq.selenium/selenium-htmlunit-driver/jars/selenium-htmlunit-driver-2.39.0.jar
7eff85a92000-7eff85a9d000 r--s 000d5000 08:02 11295925                   /home/kuba/.ivy2/cache/net.java.dev.jna/platform/jars/platform-3.4.0.jar
7eff85a9d000-7eff85aa1000 r--s 000f3000 08:02 11295923                   /home/kuba/.ivy2/cache/net.java.dev.jna/jna/jars/jna-3.4.0.jar
7eff85aa1000-7eff85aa3000 r--s 0000b000 08:02 11295921                   /home/kuba/.ivy2/cache/org.apache.commons/commons-exec/jars/commons-exec-1.1.jar
7eff85aa3000-7eff85aa9000 r--s 0003f000 08:02 11166205                   /home/kuba/.ivy2/cache/org.apache.httpcomponents/httpcore/jars/httpcore-4.3.jar
7eff85aa9000-7eff85ab4000 r--s 00084000 08:02 11166204                   /home/kuba/.ivy2/cache/org.apache.httpcomponents/httpclient/jars/httpclient-4.3.1.jar
7eff85ab4000-7eff85aba000 r--s 0001e000 08:02 11295919                   /home/kuba/.ivy2/cache/org.seleniumhq.selenium/selenium-api/jars/selenium-api-2.39.0.jar
7eff85aba000-7eff85abc000 r--s 00008000 08:02 11295917                   /home/kuba/.ivy2/cache/org.json/json/jars/json-20080701.jar
7eff85abc000-7eff85ac3000 r--s 00049000 08:02 11295916                   /home/kuba/.ivy2/cache/cglib/cglib-nodep/jars/cglib-nodep-2.1_3.jar
7eff85ac3000-7eff85ac9000 r--s 00037000 08:02 11295914                   /home/kuba/.ivy2/cache/org.seleniumhq.selenium/selenium-remote-driver/jars/selenium-remote-driver-2.39.0.jar
7eff85ac9000-7eff85acc000 r--s 00049000 08:02 11295896                   /home/kuba/.ivy2/cache/org.seleniumhq.selenium/selenium-android-driver/jars/selenium-android-driver-2.39.0.jar
7eff85acc000-7eff85ad2000 r--s 00059000 08:02 11295894                   /home/kuba/.ivy2/cache/org.seleniumhq.selenium/selenium-java/jars/selenium-java-2.39.0.jar
7eff85ad2000-7eff85ad5000 r--s 00012000 08:02 11295890                   /home/kuba/.ivy2/cache/org.fluentlenium/fluentlenium-core/jars/fluentlenium-core-0.9.2.jar
7eff85ad5000-7eff85ad7000 r--s 00002000 08:02 11295868                   /home/kuba/.ivy2/cache/org.fluentlenium/fluentlenium-festassert/jars/fluentlenium-festassert-0.9.2.jar
7eff85ad7000-7eff85ada000 r--s 00006000 08:02 11295866                   /home/kuba/.ivy2/cache/com.google.code.findbugs/jsr305/jars/jsr305-2.0.3.jar
7eff85ada000-7eff85bca000 r--s 00c16000 08:02 11166341                   /home/kuba/.ivy2/cache/org.scala-lang/scala-compiler/jars/scala-compiler-2.11.0.jar
7eff85bca000-7eff85bd6000 r--s 00075000 08:02 11557019                   /home/kuba/.ivy2/cache/org.specs2/specs2-matcher-extra_2.11/jars/specs2-matcher-extra_2.11-2.3.12.jar
7eff85bd6000-7eff85c8d000 r--s 007d5000 08:02 11557025                   /home/kuba/.ivy2/cache/org.scalaz/scalaz-core_2.11/bundles/scalaz-core_2.11-7.0.6.jar
7eff85c8d000-7eff85cc8000 r--s 00223000 08:02 11557021                   /home/kuba/.ivy2/cache/org.specs2/specs2-matcher_2.11/jars/specs2-matcher_2.11-2.3.12.jar
7eff85cc8000-7eff85cc9000 r--s 00002000 08:02 11295898                   /home/kuba/.ivy2/cache/org.seleniumhq.selenium/selenium-chrome-driver/jars/selenium-chrome-driver-2.39.0.jar
7eff85cc9000-7eff85ccb000 r--s 00002000 08:02 11294429                   /home/kuba/.ivy2/cache/org.scala-sbt/test-interface/jars/test-interface-1.0.jar
7eff85ccb000-7eff85ccc000 r--s 00006000 08:02 11295865                   /home/kuba/.ivy2/cache/com.novocode/junit-interface/jars/junit-interface-0.11-RC1.jar
7eff85ccc000-7eff85cd0000 r--s 00018000 08:02 11295888                   /home/kuba/.ivy2/cache/org.specs2/classycle/jars/classycle-1.4.3.jar
7eff85cd0000-7eff85cd2000 r--s 0000f000 08:02 11557031                   /home/kuba/.ivy2/cache/org.specs2/specs2-analysis_2.11/jars/specs2-analysis_2.11-2.3.12.jar
7eff85cd2000-7eff85cd4000 r--s 00005000 08:02 11295882                   /home/kuba/.ivy2/cache/org.objenesis/objenesis/jars/objenesis-1.0.jar
7eff85cd4000-7eff85cf3000 r--s 00150000 08:02 11295880                   /home/kuba/.ivy2/cache/org.mockito/mockito-core/jars/mockito-core-1.9.5.jar
7eff85cf3000-7eff85cf8000 r--s 00033000 08:02 11557017                   /home/kuba/.ivy2/cache/org.specs2/specs2-mock_2.11/jars/specs2-mock_2.11-2.3.12.jar
7eff85cf8000-7eff85d03000 r--s 0005c000 08:02 11557029                   /home/kuba/.ivy2/cache/org.scalaz/scalaz-effect_2.11/bundles/scalaz-effect_2.11-7.0.6.jar
7eff85d03000-7eff85d2d000 r--s 001d1000 08:02 11557013                   /home/kuba/.ivy2/cache/org.specs2/specs2-core_2.11/jars/specs2-core_2.11-2.3.12.jar
7eff85d2d000-7eff85d30000 r--s 0002b000 08:02 11557015                   /home/kuba/.ivy2/cache/org.specs2/specs2-junit_2.11/jars/specs2-junit_2.11-2.3.12.jar
7eff85d30000-7eff85d38000 r--s 00044000 08:02 11557027                   /home/kuba/.ivy2/cache/org.scalaz/scalaz-concurrent_2.11/bundles/scalaz-concurrent_2.11-7.0.6.jar
7eff85d38000-7eff85d57000 r--s 0014d000 08:02 11557023                   /home/kuba/.ivy2/cache/org.specs2/specs2-common_2.11/jars/specs2-common_2.11-2.3.12.jar
7eff85d57000-7eff85d59000 r--s 00009000 08:02 11295870                   /home/kuba/.ivy2/cache/org.hamcrest/hamcrest-core/jars/hamcrest-core-1.3.jar
7eff85d59000-7eff85d5f000 r--s 00036000 08:02 11295855                   /home/kuba/.ivy2/cache/junit/junit/jars/junit-4.11.jar
7eff85d5f000-7eff85d62000 r--s 00024000 08:02 11557011                   /home/kuba/.ivy2/cache/com.typesafe.play/play-test_2.11/jars/play-test_2.11-2.3.1.jar
7eff85d62000-7eff85d87000 r--s 00242000 08:02 11164403                   /home/kuba/.ivy2/cache/com.typesafe.akka/akka-actor_2.11/jars/akka-actor_2.11-2.3.4.jar
7eff85d87000-7eff85d94000 r--s 000bd000 08:02 11557935                   /home/kuba/.ivy2/cache/com.typesafe.akka/akka-persistence-experimental_2.11/jars/akka-persistence-experimental_2.11-2.3.4.jar
7eff85d94000-7eff85d96000 r--s 0000d000 08:02 11165596                   /home/kuba/.ivy2/cache/commons-logging/commons-logging/jars/commons-logging-1.1.1.jar
7eff85d96000-7eff85d9e000 r--s 00040000 08:02 11166321                   /home/kuba/.ivy2/cache/org.apache.httpcomponents/httpclient/jars/httpclient-4.0.1.jar
7eff85d9e000-7eff85da3000 r--s 00026000 08:02 11166320                   /home/kuba/.ivy2/cache/org.apache.httpcomponents/httpcore/jars/httpcore-4.0.1.jar
7eff85da3000-7eff85da4000 r--s 00001000 08:02 11426969                   /home/kuba/.ivy2/cache/oauth.signpost/signpost-commonshttp4/jars/signpost-commonshttp4-1.2.1.2.jar
7eff85da4000-7eff85da7000 r--s 00009000 08:02 11426967                   /home/kuba/.ivy2/cache/oauth.signpost/signpost-core/jars/signpost-core-1.2.1.2.jar
7eff85da7000-7eff85db1000 r--s 00077000 08:02 11427376                   /home/kuba/.ivy2/cache/com.ning/async-http-client/jars/async-http-client-1.8.8.jar
7eff85db1000-7eff85dbd000 r--s 00087000 08:02 11556995                   /home/kuba/.ivy2/cache/com.typesafe.play/play-ws_2.11/jars/play-ws_2.11-2.3.1.jar
7eff85dbd000-7eff85dd8000 r--s 0012e000 08:02 11557009                   /home/kuba/.ivy2/cache/net.sf.ehcache/ehcache-core/jars/ehcache-core-2.6.8.jar
7eff85dd8000-7eff85dda000 r--s 00009000 08:02 11556993                   /home/kuba/.ivy2/cache/com.typesafe.play/play-cache_2.11/jars/play-cache_2.11-2.3.1.jar
7eff85dda000-7eff85de2000 r--s 00061000 08:02 11556991                   /home/kuba/.ivy2/cache/com.typesafe.play/anorm_2.11/jars/anorm_2.11-2.3.1.jar
7eff85de2000-7eff85de7000 r--s 0002d000 08:02 11295848                   /home/kuba/.ivy2/cache/tyrex/tyrex/jars/tyrex-1.0.1.jar
7eff85de7000-7eff85dea000 r--s 00019000 08:02 11295846                   /home/kuba/.ivy2/cache/com.jolbox/bonecp/bundles/bonecp-0.8.0.RELEASE.jar
7eff85dea000-7eff85df0000 r--s 0002b000 08:02 11556989                   /home/kuba/.ivy2/cache/com.typesafe.play/play-jdbc_2.11/jars/play-jdbc_2.11-2.3.1.jar
7eff85df0000-7eff85df1000 r--s 00003000 08:02 11295827                   /home/kuba/.ivy2/cache/javax.transaction/jta/jars/jta-1.1.jar
7eff85df1000-7eff85df2000 r--s 00003000 08:02 11557001                   /home/kuba/.ivy2/cache/com.typesafe.akka/akka-slf4j_2.11/jars/akka-slf4j_2.11-2.3.3.jar
7eff85df2000-7eff85df8000 r--s 0003d000 08:02 11295813                   /home/kuba/.ivy2/cache/ch.qos.logback/logback-classic/jars/logback-classic-1.1.1.jar
7eff85df8000-7eff85e02000 r--s 0005f000 08:02 11295811                   /home/kuba/.ivy2/cache/ch.qos.logback/logback-core/jars/logback-core-1.1.1.jar
7eff85e02000-7eff85e04000 r--s 00003000 08:02 11295809                   /home/kuba/.ivy2/cache/org.slf4j/jcl-over-slf4j/jars/jcl-over-slf4j-1.7.6.jar
7eff85e04000-7eff85e05000 r--s 00001000 08:02 11295807                   /home/kuba/.ivy2/cache/org.slf4j/jul-to-slf4j/jars/jul-to-slf4j-1.7.6.jar
7eff85e05000-7eff85e07000 r--s 00006000 08:02 11295805                   /home/kuba/.ivy2/cache/org.slf4j/slf4j-api/jars/slf4j-api-1.7.6.jar
7eff85e07000-7eff85ef7000 r--s 00be4000 08:02 11165657                   /home/kuba/.ivy2/cache/org.scala-lang/scala-compiler/jars/scala-compiler-2.11.1.jar
7eff85ef7000-7eff85ef8000 r--s 00001000 08:02 11295804                   /home/kuba/.ivy2/cache/com.typesafe.netty/netty-http-pipelining/jars/netty-http-pipelining-1.1.2.jar
7eff85ef8000-7eff85f11000 r--s 00126000 08:02 11296612                   /home/kuba/.ivy2/cache/io.netty/netty/bundles/netty-3.9.2.Final.jar
7eff85f11000-7eff85f1c000 r--s 0005c000 08:02 11165568                   /home/kuba/.ivy2/cache/org.scala-lang.modules/scala-parser-combinators_2.11/bundles/scala-parser-combinators_2.11-1.0.1.jar
7eff85f1c000-7eff85f67000 r--s 003e1000 08:02 11165659                   /home/kuba/.ivy2/cache/org.scala-lang/scala-reflect/jars/scala-reflect-2.11.1.jar
7eff85f67000-7eff85f78000 r--s 000cf000 08:02 11295825                   /home/kuba/.ivy2/cache/com.fasterxml.jackson.core/jackson-databind/bundles/jackson-databind-2.3.2.jar
7eff85f78000-7eff85f7b000 r--s 0002e000 08:02 11295823                   /home/kuba/.ivy2/cache/com.fasterxml.jackson.core/jackson-core/bundles/jackson-core-2.3.2.jar
7eff85f7b000-7eff85f7f000 r--s 00015000 08:02 11295822                   /home/kuba/.ivy2/cache/org.joda/joda-convert/jars/joda-convert-1.6.jar
7eff85f7f000-7eff85f8e000 r--s 0007f000 08:02 11295820                   /home/kuba/.ivy2/cache/joda-time/joda-time/jars/joda-time-2.3.jar
7eff85f8e000-7eff85f97000 r--s 00053000 08:02 11557005                   /home/kuba/.ivy2/cache/com.typesafe.play/play-functional_2.11/jars/play-functional_2.11-2.3.1.jar
7eff85f97000-7eff85fa2000 r--s 0008f000 08:02 11556999                   /home/kuba/.ivy2/cache/com.typesafe.play/play-json_2.11/jars/play-json_2.11-2.3.1.jar
7eff85fa2000-7eff85fab000 r--s 00091000 08:02 11557003                   /home/kuba/.ivy2/cache/org.scala-stm/scala-stm_2.11/jars/scala-stm_2.11-0.7.jar
7eff85fab000-7eff85ff7000 r--s 0034a000 08:02 11556987                   /home/kuba/.ivy2/cache/com.typesafe.play/play_2.11/jars/play_2.11-2.3.1.jar
7eff85ff7000-7eff86050000 r--s 004f0000 08:02 11165552                   /home/kuba/.ivy2/cache/org.scala-lang/scala-library/jars/scala-library-2.11.1.jar
7eff86050000-7eff860ad000 r-xp 00000000 08:01 1191789                    /usr/lib/libnss_myhostname.so.2
7eff860ad000-7eff860ae000 ---p 0005d000 08:01 1191789                    /usr/lib/libnss_myhostname.so.2
7eff860ae000-7eff860b2000 r--p 0005d000 08:01 1191789                    /usr/lib/libnss_myhostname.so.2
7eff860b2000-7eff860b3000 rw-p 00061000 08:01 1191789                    /usr/lib/libnss_myhostname.so.2
7eff860b3000-7eff860b8000 r-xp 00000000 08:01 1182997                    /usr/lib/libnss_dns-2.19.so
7eff860b8000-7eff862b7000 ---p 00005000 08:01 1182997                    /usr/lib/libnss_dns-2.19.so
7eff862b7000-7eff862b8000 r--p 00004000 08:01 1182997                    /usr/lib/libnss_dns-2.19.so
7eff862b8000-7eff862b9000 rw-p 00005000 08:01 1182997                    /usr/lib/libnss_dns-2.19.so
7eff862b9000-7eff862bb000 r--s 00007000 08:02 11295824                   /home/kuba/.ivy2/cache/com.fasterxml.jackson.core/jackson-annotations/bundles/jackson-annotations-2.3.2.jar
7eff862bb000-7eff862bc000 r--s 00001000 08:02 11557007                   /home/kuba/.ivy2/cache/com.typesafe.play/play-datacommons_2.11/jars/play-datacommons_2.11-2.3.1.jar
7eff862bc000-7eff862ce000 r--s 000a1000 08:02 11556997                   /home/kuba/.ivy2/cache/com.typesafe.play/play-iteratees_2.11/jars/play-iteratees_2.11-2.3.1.jar
7eff862ce000-7eff862d9000 r--s 00096000 08:02 11165566                   /home/kuba/.ivy2/cache/org.scala-lang.modules/scala-xml_2.11/bundles/scala-xml_2.11-1.0.1.jar
7eff862d9000-7eff862df000 r--s 00048000 08:02 11295797                   /home/kuba/.ivy2/cache/org.apache.commons/commons-lang3/jars/commons-lang3-3.1.jar
7eff862df000-7eff862e1000 r--s 0000d000 08:02 11556985                   /home/kuba/.ivy2/cache/com.typesafe.play/twirl-api_2.11/jars/twirl-api_2.11-1.0.2.jar
7eff862e1000-7eff862e4000 ---p 00000000 00:00 0 
7eff862e4000-7eff863e2000 rw-p 00000000 00:00 0                          [stack:9328]
7eff863e2000-7eff863e5000 ---p 00000000 00:00 0 
7eff863e5000-7eff864e3000 rw-p 00000000 00:00 0                          [stack:9327]
7eff864e3000-7eff864e6000 ---p 00000000 00:00 0 
7eff864e6000-7eff865e4000 rw-p 00000000 00:00 0                          [stack:9326]
7eff865e4000-7eff865e7000 ---p 00000000 00:00 0 
7eff865e7000-7eff866e5000 rw-p 00000000 00:00 0                          [stack:9325]
7eff866e5000-7eff866e8000 ---p 00000000 00:00 0 
7eff866e8000-7eff867e6000 rw-p 00000000 00:00 0                          [stack:9324]
7eff867e6000-7eff867e9000 ---p 00000000 00:00 0 
7eff867e9000-7eff868e7000 rw-p 00000000 00:00 0                          [stack:9323]
7eff868e7000-7eff868e8000 r--s 00001000 08:02 11556874                   /home/kuba/.ivy2/cache/org.webjars/diff/jars/diff-1.0.7.jar
7eff868e8000-7eff868ea000 r--s 00000000 08:02 11556872                   /home/kuba/.ivy2/cache/org.webjars/debug/jars/debug-0.7.4.jar
7eff868ea000-7eff868ed000 r--s 0000c000 08:02 11556870                   /home/kuba/.ivy2/cache/org.webjars/mocha/jars/mocha-1.17.1.jar
7eff868ed000-7eff868f1000 r--s 0001e000 08:02 11427357                   /home/kuba/.ivy2/cache/scala_2.10/sbt_0.13/com.typesafe.sbt/sbt-mocha/jars/sbt-mocha-1.0.0.jar
7eff868f1000-7eff868f3000 r--s 00004000 08:02 11427355                   /home/kuba/.ivy2/cache/scala_2.10/sbt_0.13/com.typesafe.sbt/sbt-digest/jars/sbt-digest-1.0.0.jar
7eff868f3000-7eff868f4000 r--s 00034000 08:02 11556868                   /home/kuba/.ivy2/cache/org.webjars/rjs/jars/rjs-2.1.11-1-trireme.jar
7eff868f4000-7eff868f6000 r--s 0000f000 08:02 11427353                   /home/kuba/.ivy2/cache/scala_2.10/sbt_0.13/com.typesafe.sbt/sbt-rjs/jars/sbt-rjs-1.0.1.jar
7eff868f6000-7eff868f8000 r--s 00000000 08:02 11556866                   /home/kuba/.ivy2/cache/org.webjars/console-browserify/jars/console-browserify-0.1.6-1.jar
7eff868f8000-7eff868fa000 r--s 00006000 08:02 11427371                   /home/kuba/.ivy2/cache/org.webjars/underscorejs/jars/underscorejs-1.5.2-2.jar
7eff868fa000-7eff868fb000 r--s 00027000 08:02 11427369                   /home/kuba/.ivy2/cache/org.webjars/jshint-node/jars/jshint-node-2.4.1-1.jar
7eff868fb000-7eff868fc000 r--s 00004000 08:02 11427351                   /home/kuba/.ivy2/cache/scala_2.10/sbt_0.13/com.typesafe.sbt/sbt-jshint/jars/sbt-jshint-1.0.0.jar
7eff868fc000-7eff868fd000 r--s 00001000 08:02 11427367                   /home/kuba/.ivy2/cache/org.webjars/amdefine/jars/amdefine-0.1.0-1.jar
7eff868fd000-7eff868fe000 r--s 00005000 08:02 11427365                   /home/kuba/.ivy2/cache/org.webjars/source-map/jars/source-map-0.1.31-2.jar
7eff868fe000-7eff86900000 r--s 00013000 08:02 11427363                   /home/kuba/.ivy2/cache/org.webjars/less-node/jars/less-node-1.6.0-1.jar
7eff86900000-7eff86902000 r--s 00007000 08:02 11427349                   /home/kuba/.ivy2/cache/scala_2.10/sbt_0.13/com.typesafe.sbt/sbt-less/jars/sbt-less-1.0.0.jar
7eff86902000-7eff86904000 r--s 00000000 08:02 11427361                   /home/kuba/.ivy2/cache/org.webjars/mkdirp/jars/mkdirp-0.3.5.jar
7eff86904000-7eff86906000 r--s 00013000 08:02 11427359                   /home/kuba/.ivy2/cache/org.webjars/coffee-script-node/jars/coffee-script-node-1.7.1.jar
7eff86906000-7eff86908000 r--s 00003000 08:02 11427347                   /home/kuba/.ivy2/cache/scala_2.10/sbt_0.13/com.typesafe.sbt/sbt-coffeescript/jars/sbt-coffeescript-1.0.0.jar
7eff86908000-7eff8690a000 r--s 00016000 08:02 11295213                   /home/kuba/.ivy2/cache/org.eclipse.jetty/jetty-http/jars/jetty-http-8.1.14.v20131031.jar
7eff8690a000-7eff8690d000 r--s 00017000 08:02 11295211                   /home/kuba/.ivy2/cache/org.eclipse.jetty/jetty-io/jars/jetty-io-8.1.14.v20131031.jar
7eff8690d000-7eff86912000 r--s 00042000 08:02 11295209                   /home/kuba/.ivy2/cache/org.eclipse.jetty/jetty-util/jars/jetty-util-8.1.14.v20131031.jar
7eff86912000-7eff86915000 r--s 0001d000 08:02 11295201                   /home/kuba/.ivy2/cache/org.eclipse.jetty/jetty-websocket/jars/jetty-websocket-8.1.14.v20131031.jar
7eff86915000-7eff86919000 r--s 0002a000 08:02 11295199                   /home/kuba/.ivy2/cache/commons-io/commons-io/jars/commons-io-2.4.jar
7eff86919000-7eff8691a000 r--s 00003000 08:02 11295207                   /home/kuba/.ivy2/cache/org.w3c.css/sac/jars/sac-1.3.jar
7eff8691a000-7eff8691e000 r--s 00053000 08:02 11295197                   /home/kuba/.ivy2/cache/net.sourceforge.cssparser/cssparser/jars/cssparser-0.9.13.jar
7eff8691e000-7eff86921000 r--s 0001c000 08:02 11295195                   /home/kuba/.ivy2/cache/net.sourceforge.nekohtml/nekohtml/jars/nekohtml-1.9.20.jar
7eff86921000-7eff8692a000 r--s 0002d000 08:02 11295205                   /home/kuba/.ivy2/cache/xml-apis/xml-apis/jars/xml-apis-1.4.01.jar
7eff8692a000-7eff86943000 r--s 00135000 08:02 11295193                   /home/kuba/.ivy2/cache/xerces/xercesImpl/jars/xercesImpl-2.11.0.jar
7eff86943000-7eff86951000 r--s 000ed000 08:02 11295191                   /home/kuba/.ivy2/cache/net.sourceforge.htmlunit/htmlunit-core-js/jars/htmlunit-core-js-2.14.jar
7eff86951000-7eff86958000 r--s 0003a000 08:02 11166185                   /home/kuba/.ivy2/cache/commons-codec/commons-codec/jars/commons-codec-1.9.jar
7eff86958000-7eff8695a000 r--s 00008000 08:02 11295189                   /home/kuba/.ivy2/cache/org.apache.httpcomponents/httpmime/jars/httpmime-4.3.2.jar
7eff8695a000-7eff8695c000 r--s 0000e000 08:02 11166186                   /home/kuba/.ivy2/cache/commons-logging/commons-logging/jars/commons-logging-1.1.3.jar
7eff8695c000-7eff86962000 r--s 0003f000 08:02 11166187                   /home/kuba/.ivy2/cache/org.apache.httpcomponents/httpcore/jars/httpcore-4.3.1.jar
7eff86962000-7eff8696e000 r--s 00084000 08:02 11166184                   /home/kuba/.ivy2/cache/org.apache.httpcomponents/httpclient/jars/httpclient-4.3.2.jar
7eff8696e000-7eff86975000 r--s 00058000 08:02 11295187                   /home/kuba/.ivy2/cache/org.apache.commons/commons-lang3/jars/commons-lang3-3.2.1.jar
7eff86975000-7eff86983000 r--s 0007f000 08:02 11295185                   /home/kuba/.ivy2/cache/commons-collections/commons-collections/jars/commons-collections-3.2.1.jar
7eff86983000-7eff86986000 r--s 00041000 08:02 11295203                   /home/kuba/.ivy2/cache/xalan/serializer/jars/serializer-2.7.1.jar
7eff86986000-7eff869ab000 r--s 002e3000 08:02 11295183                   /home/kuba/.ivy2/cache/xalan/xalan/jars/xalan-2.7.1.jar
7eff869ab000-7eff869c5000 r--s 00147000 08:02 11295169                   /home/kuba/.ivy2/cache/net.sourceforge.htmlunit/htmlunit/jars/htmlunit-2.14.jar
7eff869c5000-7eff869c7000 r--s 0000e000 08:02 11295181                   /home/kuba/.ivy2/cache/org.jvnet.mimepull/mimepull/jars/mimepull-1.9.4.jar
7eff869c7000-7eff869d1000 r--s 00067000 08:02 11295175                   /home/kuba/.ivy2/cache/io.spray/spray-httpx/bundles/spray-httpx-1.3.1.jar
7eff869d1000-7eff869ef000 r--s 00158000 08:02 11295173                   /home/kuba/.ivy2/cache/io.spray/spray-http/bundles/spray-http-1.3.1.jar
7eff869ef000-7eff869f2000 r--s 0001d000 08:02 11295177                   /home/kuba/.ivy2/cache/io.spray/spray-util/bundles/spray-util-1.3.1.jar
7eff869f2000-7eff869f7000 r--s 0002b000 08:02 11295179                   /home/kuba/.ivy2/cache/io.spray/spray-io/bundles/spray-io-1.3.1.jar
7eff869f7000-7eff86a03000 r--s 000a7000 08:02 11295171                   /home/kuba/.ivy2/cache/io.spray/spray-can/bundles/spray-can-1.3.1.jar
7eff86a03000-7eff86a05000 r--s 0000a000 08:02 11295167                   /home/kuba/.ivy2/cache/io.spray/spray-client/bundles/spray-client-1.3.1.jar
7eff86a05000-7eff86a08000 r--s 0001c000 08:02 11295165                   /home/kuba/.ivy2/cache/com.typesafe/webdriver_2.10/jars/webdriver_2.10-1.0.0.jar
7eff86a08000-7eff86a09000 r--s 00004000 08:02 11295087                   /home/kuba/.ivy2/cache/scala_2.10/sbt_0.13/com.typesafe.sbt/sbt-webdriver/jars/sbt-webdriver-1.0.0.jar
7eff86a09000-7eff86a0f000 r--s 00037000 08:02 11296608                   /home/kuba/.ivy2/cache/scala_2.10/sbt_0.13/com.typesafe.sbt/sbt-web/jars/sbt-web-1.0.2.jar
7eff86a0f000-7eff86a12000 r--s 0002e000 08:02 11295163                   /home/kuba/.ivy2/cache/com.fasterxml.jackson.core/jackson-core/bundles/jackson-core-2.3.3.jar
7eff86a12000-7eff86a14000 r--s 00007000 08:02 11295161                   /home/kuba/.ivy2/cache/com.fasterxml.jackson.core/jackson-annotations/bundles/jackson-annotations-2.3.0.jar
7eff86a14000-7eff86a25000 r--s 000cf000 08:02 11295159                   /home/kuba/.ivy2/cache/com.fasterxml.jackson.core/jackson-databind/bundles/jackson-databind-2.3.3.jar
7eff86a25000-7eff86a27000 r--s 00005000 08:02 11295157                   /home/kuba/.ivy2/cache/org.webjars/webjars-locator/jars/webjars-locator-0.14.jar
7eff86a27000-7eff86a4f000 r--s 00196000 08:02 11295155                   /home/kuba/.ivy2/cache/org.webjars/npm/jars/npm-1.3.26.jar
7eff86a4f000-7eff86a50000 r--s 00001000 08:02 11295101                   /home/kuba/.ivy2/cache/com.typesafe/npm_2.10/jars/npm_2.10-1.0.0.jar
7eff86a50000-7eff86a52000 r--s 00006000 08:02 11295153                   /home/kuba/.ivy2/cache/org.slf4j/slf4j-api/jars/slf4j-api-1.7.7.jar
7eff86a52000-7eff86a53000 r--s 00002000 08:02 11295115                   /home/kuba/.ivy2/cache/org.slf4j/slf4j-simple/jars/slf4j-simple-1.7.7.jar
7eff86a53000-7eff86a58000 r--s 00029000 08:02 11295151                   /home/kuba/.ivy2/cache/org.parboiled/parboiled-core/bundles/parboiled-core-1.1.6.jar
7eff86a58000-7eff86a5d000 r--s 00036000 08:02 11295149                   /home/kuba/.ivy2/cache/org.parboiled/parboiled-scala_2.10/bundles/parboiled-scala_2.10-1.1.6.jar
7eff86a5d000-7eff86a63000 r--s 00049000 08:02 11295113                   /home/kuba/.ivy2/cache/io.spray/spray-json_2.10/bundles/spray-json_2.10-1.2.6.jar
7eff86a63000-7eff86a65000 r--s 00066000 08:02 11295111                   /home/kuba/.ivy2/cache/io.apigee.trireme/trireme-node10src/jars/trireme-node10src-0.7.5.jar
7eff86a65000-7eff86a6d000 r--s 0005a000 08:02 11295109                   /home/kuba/.ivy2/cache/io.apigee.trireme/trireme-core/jars/trireme-core-0.7.5.jar
7eff86a6d000-7eff86a6e000 r--s 0001e000 08:02 11295145                   /home/kuba/.ivy2/cache/org.fusesource.leveldbjni/leveldbjni-win64/jars/leveldbjni-win64-1.5.jar
7eff86a6e000-7eff86a6f000 r--s 0001b000 08:02 11295143                   /home/kuba/.ivy2/cache/org.fusesource.leveldbjni/leveldbjni-win32/jars/leveldbjni-win32-1.5.jar
7eff86a6f000-7eff86a70000 r--s 00044000 08:02 11295141                   /home/kuba/.ivy2/cache/org.fusesource.leveldbjni/leveldbjni-linux64/jars/leveldbjni-linux64-1.5.jar
7eff86a70000-7eff86a71000 r--s 00044000 08:02 11295139                   /home/kuba/.ivy2/cache/org.fusesource.leveldbjni/leveldbjni-linux32/jars/leveldbjni-linux32-1.5.jar
7eff86a71000-7eff86a72000 r--s 00028000 08:02 11295137                   /home/kuba/.ivy2/cache/org.fusesource.leveldbjni/leveldbjni-osx/jars/leveldbjni-osx-1.5.jar
7eff86a72000-7eff86a73000 r--s 00004000 08:02 11295147                   /home/kuba/.ivy2/cache/org.fusesource.hawtjni/hawtjni-runtime/jars/hawtjni-runtime-1.8.jar
7eff86a73000-7eff86a75000 r--s 0000c000 08:02 11295135                   /home/kuba/.ivy2/cache/org.fusesource.leveldbjni/leveldbjni/jars/leveldbjni-1.7.jar
7eff86a75000-7eff86a78000 r--s 000fa000 08:02 11295131                   /home/kuba/.ivy2/cache/org.fusesource.leveldbjni/leveldbjni-all/bundles/leveldbjni-all-1.7.jar
7eff86a78000-7eff86a7a000 r--s 00001000 08:02 11295133                   /home/kuba/.ivy2/cache/org.iq80.leveldb/leveldb-api/jars/leveldb-api-0.5.jar
7eff86a7a000-7eff86a7e000 r--s 00034000 08:02 11295129                   /home/kuba/.ivy2/cache/org.iq80.leveldb/leveldb/jars/leveldb-0.5.jar
7eff86a7e000-7eff86a89000 r--s 000a0000 08:02 11295121                   /home/kuba/.ivy2/cache/com.typesafe.akka/akka-persistence-experimental_2.10/jars/akka-persistence-experimental_2.10-2.3.2.jar
7eff86a89000-7eff86a99000 r--s 000f4000 08:02 11295119                   /home/kuba/.ivy2/cache/com.typesafe.akka/akka-cluster_2.10/jars/akka-cluster_2.10-2.3.2.jar
7eff86a99000-7eff86a9b000 r--s 0000a000 08:02 11295127                   /home/kuba/.ivy2/cache/org.uncommons.maths/uncommons-maths/jars/uncommons-maths-1.2.2a.jar
7eff86a9b000-7eff86aa3000 r--s 0007b000 08:02 11295125                   /home/kuba/.ivy2/cache/com.google.protobuf/protobuf-java/bundles/protobuf-java-2.5.0.jar
7eff86aa3000-7eff86abb000 r--s 00115000 08:02 11295123                   /home/kuba/.ivy2/cache/io.netty/netty/bundles/netty-3.8.0.Final.jar
7eff86abb000-7eff86ad1000 r--s 00131000 08:02 11295117                   /home/kuba/.ivy2/cache/com.typesafe.akka/akka-remote_2.10/jars/akka-remote_2.10-2.3.2.jar
7eff86ad1000-7eff86adf000 r--s 000b3000 08:02 11295107                   /home/kuba/.ivy2/cache/com.typesafe.akka/akka-contrib_2.10/jars/akka-contrib_2.10-2.3.2.jar
7eff86adf000-7eff86b04000 r--s 0024a000 08:02 11295105                   /home/kuba/.ivy2/cache/com.typesafe.akka/akka-actor_2.10/jars/akka-actor_2.10-2.3.2.jar
7eff86b04000-7eff86b08000 r--s 00021000 08:02 11295099                   /home/kuba/.ivy2/cache/com.typesafe/jse_2.10/jars/jse_2.10-1.0.0.jar
7eff86b08000-7eff86b0c000 r--s 0001f000 08:02 11296604                   /home/kuba/.ivy2/cache/scala_2.10/sbt_0.13/com.typesafe.sbt/sbt-js-engine/jars/sbt-js-engine-1.0.1.jar
7eff86b0c000-7eff86b10000 r--s 00014000 08:02 11165584                   /home/kuba/.ivy2/cache/org.tukaani/xz/jars/xz-1.0.jar
7eff86b10000-7eff86b15000 r--s 00036000 08:02 11165582                   /home/kuba/.ivy2/cache/org.apache.commons/commons-compress/jars/commons-compress-1.4.1.jar
7eff86b15000-7eff86b28000 r--s 000af000 08:02 11295083                   /home/kuba/.ivy2/cache/scala_2.10/sbt_0.13/com.typesafe.sbt/sbt-native-packager/jars/sbt-native-packager-0.7.1.jar
7eff86b28000-7eff86b30000 r--s 0004b000 08:02 11296376                   /home/kuba/.ivy2/cache/scala_2.10/sbt_0.13/com.github.mpeltonen/sbt-idea/jars/sbt-idea-1.5.1.jar
7eff86b30000-7eff86b3a000 r--s 0005f000 08:02 11295057                   /home/kuba/.ivy2/cache/org.scalaz/scalaz-effect_2.10/bundles/scalaz-effect_2.10-7.0.2.jar
7eff86b3a000-7eff86be7000 r--s 00786000 08:02 11295055                   /home/kuba/.ivy2/cache/org.scalaz/scalaz-core_2.10/bundles/scalaz-core_2.10-7.0.2.jar
7eff86be7000-7eff86bee000 r--s 0003b000 08:02 11295097                   /home/kuba/.ivy2/cache/scala_2.10/sbt_0.13/com.typesafe.sbteclipse/sbteclipse-core/jars/sbteclipse-core-2.4.0.jar
7eff86bee000-7eff86bf0000 r--s 00001000 08:02 11295081                   /home/kuba/.ivy2/cache/scala_2.10/sbt_0.13/com.typesafe.sbteclipse/sbteclipse-plugin/jars/sbteclipse-plugin-2.4.0.jar
7eff86bf0000-7eff86bf8000 r--s 00041000 08:02 11296607                   /home/kuba/.ivy2/cache/com.typesafe.play/twirl-parser_2.10/jars/twirl-parser_2.10-1.0.2.jar
7eff86bf8000-7eff86bfa000 r--s 0000d000 08:02 11296606                   /home/kuba/.ivy2/cache/com.typesafe.play/twirl-api_2.10/jars/twirl-api_2.10-1.0.2.jar
7eff86bfa000-7eff86bfd000 r--s 00017000 08:02 11296605                   /home/kuba/.ivy2/cache/com.typesafe.play/twirl-compiler_2.10/jars/twirl-compiler_2.10-1.0.2.jar
7eff86bfd000-7eff86c00000 r--s 00010000 08:02 11296603                   /home/kuba/.ivy2/cache/scala_2.10/sbt_0.13/com.typesafe.sbt/sbt-twirl/jars/sbt-twirl-1.0.2.jar
7eff86c00000-7eff86c03000 r--s 0009f000 08:02 11295077                   /home/kuba/.ivy2/cache/net.contentobjects.jnotify/jnotify/jars/jnotify-0.94.jar
7eff86c03000-7eff86c10000 r--s 00183000 08:02 11295073                   /home/kuba/.ivy2/cache/com.h2database/h2/jars/h2-1.3.175.jar
7eff86c10000-7eff86c13000 r--s 0002a000 08:02 11295071                   /home/kuba/.ivy2/cache/org.avaje.ebeanorm/avaje-ebeanorm-agent/jars/avaje-ebeanorm-agent-3.2.2.jar
7eff86c13000-7eff86c15000 r--s 0000a000 08:02 11295089                   /home/kuba/.ivy2/cache/org.json/json/jars/json-20090211.jar
7eff86c15000-7eff86c40000 r--s 001f5000 08:02 11295069                   /home/kuba/.ivy2/cache/com.google.guava/guava/bundles/guava-16.0.1.jar
7eff86c40000-7eff86c73000 r--s 00332000 08:02 11295067                   /home/kuba/.ivy2/cache/com.google.javascript/closure-compiler/jars/closure-compiler-v20130603.jar
7eff86c73000-7eff86c80000 r--s 00109000 08:02 11295065                   /home/kuba/.ivy2/cache/org.mozilla/rhino/jars/rhino-1.7R4.jar
7eff86c80000-7eff86c84000 r--s 00032000 08:02 11165594                   /home/kuba/.ivy2/cache/com.typesafe/config/bundles/config-1.2.1.jar
7eff86c84000-7eff86c92000 r--s 00064000 08:02 11296602                   /home/kuba/.ivy2/cache/com.typesafe.play/routes-compiler_2.10/jars/routes-compiler_2.10-2.3.1.jar
7eff86c92000-7eff86c9c000 r--s 000a5000 08:02 11295075                   /home/kuba/.ivy2/cache/org.javassist/javassist/bundles/javassist-3.18.2-GA.jar
7eff86c9c000-7eff86c9e000 r--s 00000000 08:02 11296601                   /home/kuba/.ivy2/cache/com.typesafe.play/play-exceptions/jars/play-exceptions-2.3.1.jar
7eff86c9e000-7eff86c9f000 r--s 00002000 08:02 11296600                   /home/kuba/.ivy2/cache/com.typesafe.play/build-link/jars/build-link-2.3.1.jar
7eff86c9f000-7eff86cae000 r--s 000d9000 08:02 11296599                   /home/kuba/.ivy2/cache/scala_2.10/sbt_0.13/com.typesafe.play/sbt-plugin/jars/sbt-plugin-2.3.1.jar
7eff86cae000-7eff86cb1000 ---p 00000000 00:00 0 
7eff86cb1000-7eff86daf000 rw-p 00000000 00:00 0                          [stack:9320]
7eff86daf000-7eff86db2000 ---p 00000000 00:00 0 
7eff86db2000-7eff86eb0000 rw-p 00000000 00:00 0                          [stack:9319]
7eff86eb0000-7eff86eb3000 ---p 00000000 00:00 0 
7eff86eb3000-7eff86fb1000 rw-p 00000000 00:00 0                          [stack:9321]
7eff86fb1000-7eff86fb4000 ---p 00000000 00:00 0 
7eff86fb4000-7eff870b2000 rw-p 00000000 00:00 0                          [stack:9318]
7eff870b2000-7eff870b5000 ---p 00000000 00:00 0 
7eff870b5000-7eff871b3000 rw-p 00000000 00:00 0                          [stack:9322]
7eff871b3000-7eff871b8000 r--s 0004c000 08:01 1319286                    /usr/lib/jvm/java-7-openjdk/jre/lib/jsse.jar
7eff871b8000-7eff871bb000 ---p 00000000 00:00 0 
7eff871bb000-7eff871f1000 rw-p 00000000 00:00 0                          [stack:9287]
7eff871f1000-7eff871f2000 r--p 00000000 08:01 1182885                    /usr/share/locale/en_GB/LC_MESSAGES/libc.mo
7eff871f2000-7eff871f4000 r--s 0000b000 08:02 11294451                   /home/kuba/.sbt/boot/scala-2.10.4/org.scala-sbt/sbt/0.13.5/xsbti/interface-0.13.5.jar
7eff871f4000-7eff87209000 r--s 00116000 08:02 11294478                   /home/kuba/.sbt/boot/scala-2.10.4/org.scala-sbt/sbt/0.13.5/ivy-2.3.0.jar
7eff87209000-7eff8720c000 r--s 00013000 08:02 11294461                   /home/kuba/.sbt/boot/scala-2.10.4/org.scala-sbt/sbt/0.13.5/classpath-0.13.5.jar
7eff8720c000-7eff87210000 r--s 0001b000 08:02 11294459                   /home/kuba/.sbt/boot/scala-2.10.4/org.scala-sbt/sbt/0.13.5/process-0.13.5.jar
7eff87210000-7eff87213000 r--s 00017000 08:02 11294477                   /home/kuba/.sbt/boot/scala-2.10.4/org.scala-sbt/sbt/0.13.5/testing-0.13.5.jar
7eff87213000-7eff8723a000 r--s 00200000 08:02 11294437                   /home/kuba/.sbt/boot/scala-2.10.4/org.scala-sbt/sbt/0.13.5/main-0.13.5.jar
7eff8723a000-7eff87242000 r--s 00057000 08:02 11294466                   /home/kuba/.sbt/boot/scala-2.10.4/org.scala-sbt/sbt/0.13.5/completion-0.13.5.jar
7eff87242000-7eff87245000 r--s 00030000 08:02 11294446                   /home/kuba/.sbt/boot/scala-2.10.4/org.scala-sbt/sbt/0.13.5/jline-2.11.jar
7eff87245000-7eff87249000 r--s 00022000 08:02 11294464                   /home/kuba/.sbt/boot/scala-2.10.4/org.scala-sbt/sbt/0.13.5/sbinary_2.10-0.4.2.jar
7eff87249000-7eff8724c000 r--s 00019000 08:02 11294438                   /home/kuba/.sbt/boot/scala-2.10.4/org.scala-sbt/sbt/0.13.5/compile-0.13.5.jar
7eff8724c000-7eff8724f000 r--s 0001a000 08:02 11294442                   /home/kuba/.sbt/boot/scala-2.10.4/org.scala-sbt/sbt/0.13.5/cache-0.13.5.jar
7eff8724f000-7eff8725a000 r--s 000a3000 08:02 11294479                   /home/kuba/.sbt/boot/scala-2.10.4/org.scala-sbt/sbt/0.13.5/ivy-0.13.5.jar
7eff8725a000-7eff8726a000 r-xp 00000000 08:01 1319309                    /usr/lib/jvm/java-7-openjdk/jre/lib/amd64/libnio.so
7eff8726a000-7eff8746a000 ---p 00010000 08:01 1319309                    /usr/lib/jvm/java-7-openjdk/jre/lib/amd64/libnio.so
7eff8746a000-7eff8746b000 rw-p 00010000 08:01 1319309                    /usr/lib/jvm/java-7-openjdk/jre/lib/amd64/libnio.so
7eff8746b000-7eff8747f000 r-xp 00000000 08:01 1182919                    /usr/lib/libresolv-2.19.so
7eff8747f000-7eff8767e000 ---p 00014000 08:01 1182919                    /usr/lib/libresolv-2.19.so
7eff8767e000-7eff8767f000 r--p 00013000 08:01 1182919                    /usr/lib/libresolv-2.19.so
7eff8767f000-7eff87680000 rw-p 00014000 08:01 1182919                    /usr/lib/libresolv-2.19.so
7eff87680000-7eff87682000 rw-p 00000000 00:00 0 
7eff87682000-7eff876eb000 r-xp 00000000 08:01 1190526                    /usr/lib/libpcre.so.1.2.3
7eff876eb000-7eff878ea000 ---p 00069000 08:01 1190526                    /usr/lib/libpcre.so.1.2.3
7eff878ea000-7eff878eb000 r--p 00068000 08:01 1190526                    /usr/lib/libpcre.so.1.2.3
7eff878eb000-7eff878ec000 rw-p 00069000 08:01 1190526                    /usr/lib/libpcre.so.1.2.3
7eff878ec000-7eff878ef000 r-xp 00000000 08:01 1190756                    /usr/lib/libgmodule-2.0.so.0.4000.0
7eff878ef000-7eff87aee000 ---p 00003000 08:01 1190756                    /usr/lib/libgmodule-2.0.so.0.4000.0
7eff87aee000-7eff87aef000 r--p 00002000 08:01 1190756                    /usr/lib/libgmodule-2.0.so.0.4000.0
7eff87aef000-7eff87af0000 rw-p 00003000 08:01 1190756                    /usr/lib/libgmodule-2.0.so.0.4000.0
7eff87af0000-7eff87af7000 r-xp 00000000 08:01 1190655                    /usr/lib/libffi.so.6.0.2
7eff87af7000-7eff87cf6000 ---p 00007000 08:01 1190655                    /usr/lib/libffi.so.6.0.2
7eff87cf6000-7eff87cf7000 r--p 00006000 08:01 1190655                    /usr/lib/libffi.so.6.0.2
7eff87cf7000-7eff87cf8000 rw-p 00007000 08:01 1190655                    /usr/lib/libffi.so.6.0.2
7eff87cf8000-7eff87dfd000 r-xp 00000000 08:01 1190755                    /usr/lib/libglib-2.0.so.0.4000.0
7eff87dfd000-7eff87ffd000 ---p 00105000 08:01 1190755                    /usr/lib/libglib-2.0.so.0.4000.0
7eff87ffd000-7eff87ffe000 r--p 00105000 08:01 1190755                    /usr/lib/libglib-2.0.so.0.4000.0
7eff87ffe000-7eff87fff000 rw-p 00106000 08:01 1190755                    /usr/lib/libglib-2.0.so.0.4000.0
7eff87fff000-7eff88000000 rw-p 00000000 00:00 0 
7eff88000000-7eff889bf000 rw-p 00000000 00:00 0 
7eff889bf000-7eff8c000000 ---p 00000000 00:00 0 
7eff8c000000-7eff8c021000 rw-p 00000000 00:00 0 
7eff8c021000-7eff90000000 ---p 00000000 00:00 0 
7eff90000000-7eff90021000 rw-p 00000000 00:00 0 
7eff90021000-7eff94000000 ---p 00000000 00:00 0 
7eff94000000-7eff94760000 rw-p 00000000 00:00 0 
7eff94760000-7eff98000000 ---p 00000000 00:00 0 
7eff98000000-7eff98021000 rw-p 00000000 00:00 0 
7eff98021000-7eff9c000000 ---p 00000000 00:00 0 
7eff9c000000-7eff9c021000 rw-p 00000000 00:00 0 
7eff9c021000-7effa0000000 ---p 00000000 00:00 0 
7effa0000000-7effa0021000 rw-p 00000000 00:00 0 
7effa0021000-7effa4000000 ---p 00000000 00:00 0 
7effa4000000-7effa4021000 rw-p 00000000 00:00 0 
7effa4021000-7effa8000000 ---p 00000000 00:00 0 
7effa8000000-7effa8021000 rw-p 00000000 00:00 0 
7effa8021000-7effac000000 ---p 00000000 00:00 0 
7effac000000-7effac021000 rw-p 00000000 00:00 0 
7effac021000-7effb0000000 ---p 00000000 00:00 0 
7effb0000000-7effb0002000 r--s 00002000 08:02 11294475                   /home/kuba/.sbt/boot/scala-2.10.4/org.scala-sbt/sbt/0.13.5/control-0.13.5.jar
7effb0002000-7effb0004000 r--s 0000e000 08:02 11294460                   /home/kuba/.sbt/boot/scala-2.10.4/org.scala-sbt/sbt/0.13.5/logic-0.13.5.jar
7effb0004000-7effb0006000 r--s 00001000 08:02 11294472                   /home/kuba/.sbt/boot/scala-2.10.4/org.scala-sbt/sbt/0.13.5/cross-0.13.5.jar
7effb0006000-7effb000e000 r--s 0005e000 08:02 11294454                   /home/kuba/.sbt/boot/scala-2.10.4/org.scala-sbt/sbt/0.13.5/incremental-compiler-0.13.5.jar
7effb000e000-7effb0011000 r--s 0001e000 08:02 11294440                   /home/kuba/.sbt/boot/scala-2.10.4/org.scala-sbt/sbt/0.13.5/run-0.13.5.jar
7effb0011000-7effb001a000 r--s 00064000 08:02 11294476                   /home/kuba/.sbt/boot/scala-2.10.4/org.scala-sbt/sbt/0.13.5/actions-0.13.5.jar
7effb001a000-7effb001e000 r--s 00034000 08:02 11294449                   /home/kuba/.sbt/boot/scala-2.10.4/org.scala-sbt/sbt/0.13.5/jsch-0.1.46.jar
7effb001e000-7effb0028000 r--s 00090000 08:02 11294463                   /home/kuba/.sbt/boot/scala-2.10.4/org.scala-sbt/sbt/0.13.5/main-settings-0.13.5.jar
7effb0028000-7effb0076000 r-xp 00000000 08:01 1190758                    /usr/lib/libgobject-2.0.so.0.4000.0
7effb0076000-7effb0276000 ---p 0004e000 08:01 1190758                    /usr/lib/libgobject-2.0.so.0.4000.0
7effb0276000-7effb0277000 r--p 0004e000 08:01 1190758                    /usr/lib/libgobject-2.0.so.0.4000.0
7effb0277000-7effb0278000 rw-p 0004f000 08:01 1190758                    /usr/lib/libgobject-2.0.so.0.4000.0
7effb0278000-7effb03e1000 r-xp 00000000 08:01 1190759                    /usr/lib/libgio-2.0.so.0.4000.0
7effb03e1000-7effb05e1000 ---p 00169000 08:01 1190759                    /usr/lib/libgio-2.0.so.0.4000.0
7effb05e1000-7effb05e5000 r--p 00169000 08:01 1190759                    /usr/lib/libgio-2.0.so.0.4000.0
7effb05e5000-7effb05e7000 rw-p 0016d000 08:01 1190759                    /usr/lib/libgio-2.0.so.0.4000.0
7effb05e7000-7effb05e9000 rw-p 00000000 00:00 0 
7effb05e9000-7effb05ff000 r-xp 00000000 08:01 1319308                    /usr/lib/jvm/java-7-openjdk/jre/lib/amd64/libnet.so
7effb05ff000-7effb07ff000 ---p 00016000 08:01 1319308                    /usr/lib/jvm/java-7-openjdk/jre/lib/amd64/libnet.so
7effb07ff000-7effb0800000 rw-p 00016000 08:01 1319308                    /usr/lib/jvm/java-7-openjdk/jre/lib/amd64/libnet.so
7effb0800000-7effb4000000 rw-p 00000000 00:00 0 
7effb4000000-7effb4021000 rw-p 00000000 00:00 0 
7effb4021000-7effb8000000 ---p 00000000 00:00 0 
7effb8000000-7effb8001000 r--s 00005000 08:02 11294444                   /home/kuba/.sbt/boot/scala-2.10.4/org.scala-sbt/sbt/0.13.5/sbt-0.13.5.jar
7effb8001000-7effb8037000 r--s 002d9000 08:02 11294453                   /home/kuba/.sbt/boot/scala-2.10.4/org.scala-sbt/sbt/0.13.5/scala-reflect-2.10.4.jar
7effb8037000-7effb806d000 r--s 002d9000 08:02 11294504                   /home/kuba/.sbt/boot/scala-2.10.4/lib/scala-reflect.jar
7effb806d000-7effb816a000 r--s 00cca000 08:02 11294502                   /home/kuba/.sbt/boot/scala-2.10.4/lib/scala-compiler.jar
7effb816a000-7effb816b000 ---p 00000000 00:00 0 
7effb816b000-7effb826b000 rw-p 00000000 00:00 0                          [stack:9285]
7effb826b000-7effb826e000 ---p 00000000 00:00 0 
7effb826e000-7effb836c000 rw-p 00000000 00:00 0                          [stack:9284]
7effb836c000-7effb836f000 ---p 00000000 00:00 0 
7effb836f000-7effb846d000 rw-p 00000000 00:00 0                          [stack:9283]
7effb846d000-7effb8470000 ---p 00000000 00:00 0 
7effb8470000-7effb856e000 rw-p 00000000 00:00 0                          [stack:9282]
7effb856e000-7effb8571000 ---p 00000000 00:00 0 
7effb8571000-7effb866f000 rw-p 00000000 00:00 0                          [stack:9281]
7effb866f000-7effb87f8000 r--p 00000000 08:01 1218280                    /usr/lib/locale/locale-archive
7effb87f8000-7effb87fb000 ---p 00000000 00:00 0 
7effb87fb000-7effb88f9000 rw-p 00000000 00:00 0                          [stack:9280]
7effb88f9000-7effb88fc000 ---p 00000000 00:00 0 
7effb88fc000-7effb89fa000 rw-p 00000000 00:00 0                          [stack:9279]
7effb89fa000-7effb89fb000 ---p 00000000 00:00 0 
7effb89fb000-7effb9000000 rw-p 00000000 00:00 0                          [stack:9278]
7effb9000000-7effb92e0000 rwxp 00000000 00:00 0 
7effb92e0000-7effbd522000 rw-p 00000000 00:00 0 
7effbd522000-7effc0000000 ---p 00000000 00:00 0 
7effc0000000-7effc0002000 r--s 00001000 08:02 11294439                   /home/kuba/.sbt/boot/scala-2.10.4/org.scala-sbt/sbt/0.13.5/launcher-interface-0.13.5.jar
7effc0002000-7effc0007000 r--s 00036000 08:02 11294485                   /home/kuba/.sbt/boot/scala-2.10.4/org.scala-sbt/sbt/0.13.5/command-0.13.5.jar
7effc0007000-7effc000d000 r--s 0003d000 08:02 11294436                   /home/kuba/.sbt/boot/scala-2.10.4/org.scala-sbt/sbt/0.13.5/io-0.13.5.jar
7effc000d000-7effc0010000 r--s 00012000 08:02 11294467                   /home/kuba/.sbt/boot/scala-2.10.4/org.scala-sbt/sbt/0.13.5/classfile-0.13.5.jar
7effc0010000-7effc0017000 r--s 00049000 08:02 11294443                   /home/kuba/.sbt/boot/scala-2.10.4/org.scala-sbt/sbt/0.13.5/api-0.13.5.jar
7effc0017000-7effc001a000 r--s 0001d000 08:02 11294457                   /home/kuba/.sbt/boot/scala-2.10.4/org.scala-sbt/sbt/0.13.5/task-system-0.13.5.jar
7effc001a000-7effc001c000 r--s 00006000 08:02 11294483                   /home/kuba/.sbt/boot/scala-2.10.4/org.scala-sbt/sbt/0.13.5/relation-0.13.5.jar
7effc001c000-7effc001f000 r--s 0001d000 08:02 11294484                   /home/kuba/.sbt/boot/scala-2.10.4/org.scala-sbt/sbt/0.13.5/tasks-0.13.5.jar
7effc001f000-7effc0023000 r--s 00024000 08:02 11294445                   /home/kuba/.sbt/boot/scala-2.10.4/org.scala-sbt/sbt/0.13.5/persist-0.13.5.jar
7effc0023000-7effc002b000 r--s 0005c000 08:02 11294447                   /home/kuba/.sbt/boot/scala-2.10.4/org.scala-sbt/sbt/0.13.5/collections-0.13.5.jar
7effc002b000-7effc009d000 r--s 0065a000 08:02 11294506                   /home/kuba/.sbt/boot/scala-2.10.4/lib/scala-library.jar
7effc009d000-7effc0af0000 rw-p 00000000 00:00 0 
7effc0af0000-7effc0ca1000 r--s 01d21000 08:01 1319284                    /usr/lib/jvm/java-7-openjdk/jre/lib/rt.jar
7effc0ca1000-7effc1115000 rw-p 00000000 00:00 0 
7effc1115000-7effc1116000 ---p 00000000 00:00 0 
7effc1116000-7effc1216000 rw-p 00000000 00:00 0                          [stack:9277]
7effc1216000-7effc1217000 ---p 00000000 00:00 0 
7effc1217000-7effc1317000 rw-p 00000000 00:00 0                          [stack:9276]
7effc1317000-7effc1318000 ---p 00000000 00:00 0 
7effc1318000-7effc1418000 rw-p 00000000 00:00 0                          [stack:9275]
7effc1418000-7effc1419000 ---p 00000000 00:00 0 
7effc1419000-7effc153a000 rw-p 00000000 00:00 0                          [stack:9274]
7effc153a000-7effc1599000 rw-p 00000000 00:00 0 
7effc1599000-7effc1644000 rw-p 00000000 00:00 0 
7effc1644000-7effc1799000 rw-p 00000000 00:00 0 
7effc1799000-7effc17ba000 rw-p 00000000 00:00 0 
7effc17ba000-7effc1819000 rw-p 00000000 00:00 0 
7effc1819000-7effc18c4000 rw-p 00000000 00:00 0 
7effc18c4000-7effc1a19000 rw-p 00000000 00:00 0 
7effc1a19000-7effc1aaf000 rw-p 00000000 00:00 0 
7effc1aaf000-7effc1b19000 rw-p 00000000 00:00 0 
7effc1b19000-7effc1b1a000 rw-p 00000000 00:00 0 
7effc1b1a000-7effc1b22000 r-xp 00000000 08:01 1319307                    /usr/lib/jvm/java-7-openjdk/jre/lib/amd64/libzip.so
7effc1b22000-7effc1d21000 ---p 00008000 08:01 1319307                    /usr/lib/jvm/java-7-openjdk/jre/lib/amd64/libzip.so
7effc1d21000-7effc1d22000 rw-p 00007000 08:01 1319307                    /usr/lib/jvm/java-7-openjdk/jre/lib/amd64/libzip.so
7effc1d22000-7effc1d2d000 r-xp 00000000 08:01 1182953                    /usr/lib/libnss_files-2.19.so
7effc1d2d000-7effc1f2c000 ---p 0000b000 08:01 1182953                    /usr/lib/libnss_files-2.19.so
7effc1f2c000-7effc1f2d000 r--p 0000a000 08:01 1182953                    /usr/lib/libnss_files-2.19.so
7effc1f2d000-7effc1f2e000 rw-p 0000b000 08:01 1182953                    /usr/lib/libnss_files-2.19.so
7effc1f2e000-7effc1f5a000 r-xp 00000000 08:01 1319306                    /usr/lib/jvm/java-7-openjdk/jre/lib/amd64/libjava.so
7effc1f5a000-7effc2159000 ---p 0002c000 08:01 1319306                    /usr/lib/jvm/java-7-openjdk/jre/lib/amd64/libjava.so
7effc2159000-7effc215b000 rw-p 0002b000 08:01 1319306                    /usr/lib/jvm/java-7-openjdk/jre/lib/amd64/libjava.so
7effc215b000-7effc2168000 r-xp 00000000 08:01 1319305                    /usr/lib/jvm/java-7-openjdk/jre/lib/amd64/libverify.so
7effc2168000-7effc2367000 ---p 0000d000 08:01 1319305                    /usr/lib/jvm/java-7-openjdk/jre/lib/amd64/libverify.so
7effc2367000-7effc2369000 rw-p 0000c000 08:01 1319305                    /usr/lib/jvm/java-7-openjdk/jre/lib/amd64/libverify.so
7effc2369000-7effc2370000 r-xp 00000000 08:01 1182954                    /usr/lib/librt-2.19.so
7effc2370000-7effc256f000 ---p 00007000 08:01 1182954                    /usr/lib/librt-2.19.so
7effc256f000-7effc2570000 r--p 00006000 08:01 1182954                    /usr/lib/librt-2.19.so
7effc2570000-7effc2571000 rw-p 00007000 08:01 1182954                    /usr/lib/librt-2.19.so
7effc2571000-7effc2587000 r-xp 00000000 08:01 1186361                    /usr/lib/libgcc_s.so.1
7effc2587000-7effc2786000 ---p 00016000 08:01 1186361                    /usr/lib/libgcc_s.so.1
7effc2786000-7effc2787000 rw-p 00015000 08:01 1186361                    /usr/lib/libgcc_s.so.1
7effc2787000-7effc288a000 r-xp 00000000 08:01 1182916                    /usr/lib/libm-2.19.so
7effc288a000-7effc2a89000 ---p 00103000 08:01 1182916                    /usr/lib/libm-2.19.so
7effc2a89000-7effc2a8a000 r--p 00102000 08:01 1182916                    /usr/lib/libm-2.19.so
7effc2a8a000-7effc2a8b000 rw-p 00103000 08:01 1182916                    /usr/lib/libm-2.19.so
7effc2a8b000-7effc2b7b000 r-xp 00000000 08:01 1186365                    /usr/lib/libstdc++.so.6.0.20
7effc2b7b000-7effc2d7b000 ---p 000f0000 08:01 1186365                    /usr/lib/libstdc++.so.6.0.20
7effc2d7b000-7effc2d83000 r--p 000f0000 08:01 1186365                    /usr/lib/libstdc++.so.6.0.20
7effc2d83000-7effc2d85000 rw-p 000f8000 08:01 1186365                    /usr/lib/libstdc++.so.6.0.20
7effc2d85000-7effc2d9a000 rw-p 00000000 00:00 0 
7effc2d9a000-7effc38e2000 r-xp 00000000 08:01 1319337                    /usr/lib/jvm/java-7-openjdk/jre/lib/amd64/server/libjvm.so
7effc38e2000-7effc3ae1000 ---p 00b48000 08:01 1319337                    /usr/lib/jvm/java-7-openjdk/jre/lib/amd64/server/libjvm.so
7effc3ae1000-7effc3ba3000 rw-p 00b47000 08:01 1319337                    /usr/lib/jvm/java-7-openjdk/jre/lib/amd64/server/libjvm.so
7effc3ba3000-7effc3bcf000 rw-p 00000000 00:00 0 
7effc3bcf000-7effc3be4000 r-xp 00000000 08:01 1186230                    /usr/lib/libz.so.1.2.8
7effc3be4000-7effc3de3000 ---p 00015000 08:01 1186230                    /usr/lib/libz.so.1.2.8
7effc3de3000-7effc3de4000 r--p 00014000 08:01 1186230                    /usr/lib/libz.so.1.2.8
7effc3de4000-7effc3de5000 rw-p 00015000 08:01 1186230                    /usr/lib/libz.so.1.2.8
7effc3de5000-7effc3f89000 r-xp 00000000 08:01 1182960                    /usr/lib/libc-2.19.so
7effc3f89000-7effc4189000 ---p 001a4000 08:01 1182960                    /usr/lib/libc-2.19.so
7effc4189000-7effc418d000 r--p 001a4000 08:01 1182960                    /usr/lib/libc-2.19.so
7effc418d000-7effc418f000 rw-p 001a8000 08:01 1182960                    /usr/lib/libc-2.19.so
7effc418f000-7effc4193000 rw-p 00000000 00:00 0 
7effc4193000-7effc4196000 r-xp 00000000 08:01 1182925                    /usr/lib/libdl-2.19.so
7effc4196000-7effc4395000 ---p 00003000 08:01 1182925                    /usr/lib/libdl-2.19.so
7effc4395000-7effc4396000 r--p 00002000 08:01 1182925                    /usr/lib/libdl-2.19.so
7effc4396000-7effc4397000 rw-p 00003000 08:01 1182925                    /usr/lib/libdl-2.19.so
7effc4397000-7effc43a4000 r-xp 00000000 08:01 1447815                    /usr/lib/jvm/java-7-openjdk/jre/lib/amd64/jli/libjli.so
7effc43a4000-7effc45a3000 ---p 0000d000 08:01 1447815                    /usr/lib/jvm/java-7-openjdk/jre/lib/amd64/jli/libjli.so
7effc45a3000-7effc45a4000 rw-p 0000c000 08:01 1447815                    /usr/lib/jvm/java-7-openjdk/jre/lib/amd64/jli/libjli.so
7effc45a4000-7effc45bc000 r-xp 00000000 08:01 1182975                    /usr/lib/libpthread-2.19.so
7effc45bc000-7effc47bc000 ---p 00018000 08:01 1182975                    /usr/lib/libpthread-2.19.so
7effc47bc000-7effc47bd000 r--p 00018000 08:01 1182975                    /usr/lib/libpthread-2.19.so
7effc47bd000-7effc47be000 rw-p 00019000 08:01 1182975                    /usr/lib/libpthread-2.19.so
7effc47be000-7effc47c2000 rw-p 00000000 00:00 0 
7effc47c2000-7effc47e3000 r-xp 00000000 08:01 1182944                    /usr/lib/ld-2.19.so
7effc47e3000-7effc47e4000 r--s 00005000 08:02 11294482                   /home/kuba/.sbt/boot/scala-2.10.4/org.scala-sbt/sbt/0.13.5/test-agent-0.13.5.jar
7effc47e4000-7effc47e6000 r--s 00001000 08:02 11294462                   /home/kuba/.sbt/boot/scala-2.10.4/org.scala-sbt/sbt/0.13.5/compiler-ivy-integration-0.13.5.jar
7effc47e6000-7effc47e8000 r--s 00002000 08:02 11294441                   /home/kuba/.sbt/boot/scala-2.10.4/org.scala-sbt/sbt/0.13.5/test-interface-1.0.jar
7effc47e8000-7effc47eb000 r--s 0000e000 08:02 11294448                   /home/kuba/.sbt/boot/scala-2.10.4/org.scala-sbt/sbt/0.13.5/compiler-integration-0.13.5.jar
7effc47eb000-7effc47ee000 r--s 00018000 08:02 11294452                   /home/kuba/.sbt/boot/scala-2.10.4/org.scala-sbt/sbt/0.13.5/logging-0.13.5.jar
7effc47ee000-7effc47f0000 r--s 00014000 08:02 11294458                   /home/kuba/.sbt/boot/scala-2.10.4/org.scala-sbt/sbt/0.13.5/apply-macro-0.13.5.jar
7effc47f0000-7effc47f4000 r--s 00025000 08:02 11294505                   /home/kuba/.sbt/boot/scala-2.10.4/lib/jline.jar
7effc47f4000-7effc4800000 rw-p 00000000 00:00 0 
7effc4800000-7effc48b4000 rw-p 00000000 00:00 0 
7effc48b4000-7effc48b7000 ---p 00000000 00:00 0 
7effc48b7000-7effc49b9000 rw-p 00000000 00:00 0                          [stack:9273]
7effc49b9000-7effc49ba000 r--s 0000a000 08:02 11294465                   /home/kuba/.sbt/boot/scala-2.10.4/org.scala-sbt/sbt/0.13.5/tracking-0.13.5.jar
7effc49ba000-7effc49bd000 r--s 00018000 08:02 11294503                   /home/kuba/.sbt/boot/scala-2.10.4/lib/jansi.jar
7effc49bd000-7effc49d7000 r--s 00107000 08:01 2628439                    /usr/share/java/sbt/sbt-launch.jar
7effc49d7000-7effc49df000 rw-s 00000000 00:1f 249458                     /tmp/hsperfdata_kuba/9272
7effc49df000-7effc49e0000 rw-p 00000000 00:00 0 
7effc49e0000-7effc49e1000 ---p 00000000 00:00 0 
7effc49e1000-7effc49e2000 rw-p 00000000 00:00 0 
7effc49e2000-7effc49e3000 r--p 00020000 08:01 1182944                    /usr/lib/ld-2.19.so
7effc49e3000-7effc49e4000 rw-p 00021000 08:01 1182944                    /usr/lib/ld-2.19.so
7effc49e4000-7effc49e5000 rw-p 00000000 00:00 0 
7ffff67fa000-7ffff681b000 rw-p 00000000 00:00 0                          [stack]
7ffff6900000-7ffff6902000 r-xp 00000000 00:00 0                          [vdso]
ffffffffff600000-ffffffffff601000 r-xp 00000000 00:00 0                  [vsyscall]

VM Arguments:
jvm_args: -Xms512M -Xmx1536M -Xss1M -XX:+CMSClassUnloadingEnabled -XX:MaxPermSize=256M 
java_command: /usr/share/java/sbt/sbt-launch.jar test
Launcher Type: SUN_STANDARD

Environment Variables:
JAVA_HOME=/usr/lib/jvm/java-7-openjdk
PATH=/usr/local/sbin:/usr/local/bin:/usr/bin:/usr/bin/core_perl:/home/kuba/Programs/sublime_text_3:/home/kuba/Programs/activator-1.2.3-minimal
SHELL=/bin/bash
DISPLAY=:0

Signal Handlers:
SIGSEGV: [libjvm.so+0x97c3b0], sa_mask[0]=0x7ffbfeff, sa_flags=0x10000004
SIGBUS: [libjvm.so+0x97c3b0], sa_mask[0]=0x7ffbfeff, sa_flags=0x10000004
SIGFPE: [libjvm.so+0x7eab30], sa_mask[0]=0x7ffbfeff, sa_flags=0x10000004
SIGPIPE: [libjvm.so+0x7eab30], sa_mask[0]=0x7ffbfeff, sa_flags=0x10000004
SIGXFSZ: [libjvm.so+0x7eab30], sa_mask[0]=0x7ffbfeff, sa_flags=0x10000004
SIGILL: [libjvm.so+0x7eab30], sa_mask[0]=0x7ffbfeff, sa_flags=0x10000004
SIGUSR1: SIG_DFL, sa_mask[0]=0x00000000, sa_flags=0x00000000
SIGUSR2: [libjvm.so+0x7ea9b0], sa_mask[0]=0x00000000, sa_flags=0x10000004
SIGHUP: [libjvm.so+0x7eabb0], sa_mask[0]=0x7ffbfeff, sa_flags=0x10000004
SIGINT: [libjvm.so+0x7eabb0], sa_mask[0]=0x7ffbfeff, sa_flags=0x10000004
SIGTERM: [libjvm.so+0x7eabb0], sa_mask[0]=0x7ffbfeff, sa_flags=0x10000004
SIGQUIT: [libjvm.so+0x7eabb0], sa_mask[0]=0x7ffbfeff, sa_flags=0x10000004
SIGTRAP: SIG_DFL, sa_mask[0]=0x00000000, sa_flags=0x00000000


---------------  S Y S T E M  ---------------

OS:Linux
uname:Linux 3.15.5-2-ARCH #1 SMP PREEMPT Fri Jul 11 07:56:02 CEST 2014 x86_64
libc:glibc 2.19 NPTL 2.19 
rlimit: STACK 8192k, CORE 0k, NPROC 14613, NOFILE 4096, AS infinity
load average:0.73 0.62 0.70

/proc/meminfo:
MemTotal:        3746820 kB
MemFree:          147652 kB
MemAvailable:     129612 kB
Buffers:             912 kB
Cached:           482408 kB
SwapCached:            0 kB
Active:          2959088 kB
Inactive:         423304 kB
Active(anon):    2906168 kB
Inactive(anon):   370588 kB
Active(file):      52920 kB
Inactive(file):    52716 kB
Unevictable:       16256 kB
Mlocked:           16256 kB
SwapTotal:             0 kB
SwapFree:              0 kB
Dirty:               384 kB
Writeback:             0 kB
AnonPages:       2914560 kB
Mapped:           184344 kB
Shmem:            372016 kB
Slab:              58480 kB
SReclaimable:      27204 kB
SUnreclaim:        31276 kB
KernelStack:        9168 kB
PageTables:        52184 kB
NFS_Unstable:          0 kB
Bounce:                0 kB
WritebackTmp:          0 kB
CommitLimit:     1873408 kB
Committed_AS:   10953908 kB
VmallocTotal:   34359738367 kB
VmallocUsed:      367004 kB
VmallocChunk:   34359351164 kB
HardwareCorrupted:     0 kB
AnonHugePages:    774144 kB
HugePages_Total:       0
HugePages_Free:        0
HugePages_Rsvd:        0
HugePages_Surp:        0
Hugepagesize:       2048 kB
DirectMap4k:       12328 kB
DirectMap2M:     3872768 kB


CPU:total 4 (2 cores per cpu, 2 threads per core) family 6 model 58 stepping 9, cmov, cx8, fxsr, mmx, sse, sse2, sse3, ssse3, sse4.1, sse4.2, popcnt, avx, erms, ht, tsc, tscinvbit, tscinv

/proc/cpuinfo:
processor	: 0
vendor_id	: GenuineIntel
cpu family	: 6
model		: 58
model name	: Intel(R) Core(TM) i3-3110M CPU @ 2.40GHz
stepping	: 9
microcode	: 0x15
cpu MHz		: 1501.968
cache size	: 3072 KB
physical id	: 0
siblings	: 4
core id		: 0
cpu cores	: 2
apicid		: 0
initial apicid	: 0
fpu		: yes
fpu_exception	: yes
cpuid level	: 13
wp		: yes
flags		: fpu vme de pse tsc msr pae mce cx8 apic sep mtrr pge mca cmov pat pse36 clflush dts acpi mmx fxsr sse sse2 ss ht tm pbe syscall nx rdtscp lm constant_tsc arch_perfmon pebs bts rep_good nopl xtopology nonstop_tsc aperfmperf eagerfpu pni pclmulqdq dtes64 monitor ds_cpl vmx est tm2 ssse3 cx16 xtpr pdcm pcid sse4_1 sse4_2 x2apic popcnt tsc_deadline_timer xsave avx f16c lahf_lm arat epb xsaveopt pln pts dtherm tpr_shadow vnmi flexpriority ept vpid fsgsbase smep erms
bogomips	: 4791.67
clflush size	: 64
cache_alignment	: 64
address sizes	: 36 bits physical, 48 bits virtual
power management:

processor	: 1
vendor_id	: GenuineIntel
cpu family	: 6
model		: 58
model name	: Intel(R) Core(TM) i3-3110M CPU @ 2.40GHz
stepping	: 9
microcode	: 0x15
cpu MHz		: 2333.906
cache size	: 3072 KB
physical id	: 0
siblings	: 4
core id		: 0
cpu cores	: 2
apicid		: 1
initial apicid	: 1
fpu		: yes
fpu_exception	: yes
cpuid level	: 13
wp		: yes
flags		: fpu vme de pse tsc msr pae mce cx8 apic sep mtrr pge mca cmov pat pse36 clflush dts acpi mmx fxsr sse sse2 ss ht tm pbe syscall nx rdtscp lm constant_tsc arch_perfmon pebs bts rep_good nopl xtopology nonstop_tsc aperfmperf eagerfpu pni pclmulqdq dtes64 monitor ds_cpl vmx est tm2 ssse3 cx16 xtpr pdcm pcid sse4_1 sse4_2 x2apic popcnt tsc_deadline_timer xsave avx f16c lahf_lm arat epb xsaveopt pln pts dtherm tpr_shadow vnmi flexpriority ept vpid fsgsbase smep erms
bogomips	: 4791.67
clflush size	: 64
cache_alignment	: 64
address sizes	: 36 bits physical, 48 bits virtual
power management:

processor	: 2
vendor_id	: GenuineIntel
cpu family	: 6
model		: 58
model name	: Intel(R) Core(TM) i3-3110M CPU @ 2.40GHz
stepping	: 9
microcode	: 0x15
cpu MHz		: 2223.937
cache size	: 3072 KB
physical id	: 0
siblings	: 4
core id		: 1
cpu cores	: 2
apicid		: 2
initial apicid	: 2
fpu		: yes
fpu_exception	: yes
cpuid level	: 13
wp		: yes
flags		: fpu vme de pse tsc msr pae mce cx8 apic sep mtrr pge mca cmov pat pse36 clflush dts acpi mmx fxsr sse sse2 ss ht tm pbe syscall nx rdtscp lm constant_tsc arch_perfmon pebs bts rep_good nopl xtopology nonstop_tsc aperfmperf eagerfpu pni pclmulqdq dtes64 monitor ds_cpl vmx est tm2 ssse3 cx16 xtpr pdcm pcid sse4_1 sse4_2 x2apic popcnt tsc_deadline_timer xsave avx f16c lahf_lm arat epb xsaveopt pln pts dtherm tpr_shadow vnmi flexpriority ept vpid fsgsbase smep erms
bogomips	: 4791.67
clflush size	: 64
cache_alignment	: 64
address sizes	: 36 bits physical, 48 bits virtual
power management:

processor	: 3
vendor_id	: GenuineIntel
cpu family	: 6
model		: 58
model name	: Intel(R) Core(TM) i3-3110M CPU @ 2.40GHz
stepping	: 9
microcode	: 0x15
cpu MHz		: 1503.468
cache size	: 3072 KB
physical id	: 0
siblings	: 4
core id		: 1
cpu cores	: 2
apicid		: 3
initial apicid	: 3
fpu		: yes
fpu_exception	: yes
cpuid level	: 13
wp		: yes
flags		: fpu vme de pse tsc msr pae mce cx8 apic sep mtrr pge mca cmov pat pse36 clflush dts acpi mmx fxsr sse sse2 ss ht tm pbe syscall nx rdtscp lm constant_tsc arch_perfmon pebs bts rep_good nopl xtopology nonstop_tsc aperfmperf eagerfpu pni pclmulqdq dtes64 monitor ds_cpl vmx est tm2 ssse3 cx16 xtpr pdcm pcid sse4_1 sse4_2 x2apic popcnt tsc_deadline_timer xsave avx f16c lahf_lm arat epb xsaveopt pln pts dtherm tpr_shadow vnmi flexpriority ept vpid fsgsbase smep erms
bogomips	: 4791.67
clflush size	: 64
cache_alignment	: 64
address sizes	: 36 bits physical, 48 bits virtual
power management:



Memory: 4k page, physical 3746820k(147652k free), swap 0k(0k free)

vm_info: OpenJDK 64-Bit Server VM (24.65-b04) for linux-amd64 JRE (1.7.0_65-b32), built on Jul 16 2014 12:18:44 by "nobody" with gcc 4.9.0 20140604 (prerelease)

time: Wed Jul 23 20:19:12 2014
elapsed time: 17 seconds

